#
# A fatal error has been detected by the Java Runtime Environment:
#
#  EXCEPTION_ACCESS_VIOLATION (0xc0000005) at pc=0x000000000303d24c, pid=4744, tid=0x0000000000001c44
#
# JRE version: Java(TM) SE Runtime Environment (8.0_181-b13) (build 1.8.0_181-b13)
# Java VM: Java HotSpot(TM) 64-Bit Server VM (25.181-b13 mixed mode windows-amd64 compressed oops)
# Problematic frame:
# J 2177 C1 jdk.internal.org.objectweb.asm.MethodWriter.visitMethodInsn(ILjava/lang/String;Ljava/lang/String;Ljava/lang/String;Z)V (220 bytes) @ 0x000000000303d24c [0x000000000303d0c0+0x18c]
#
# Failed to write core dump. Minidumps are not enabled by default on client versions of Windows
#
# If you would like to submit a bug report, please visit:
#   http://bugreport.java.com/bugreport/crash.jsp
#

---------------  T H R E A D  ---------------

Current thread (0x000000001edd2000):  JavaThread "AWT-Windows" daemon [_thread_in_Java, id=7236, stack(0x0000000022350000,0x0000000022450000)]

siginfo: ExceptionCode=0xc0000005, reading address 0x0000000040b30858

Registers:
RAX=0x0000000778af0b10, RBX=0x0000000000000000, RCX=0x0000000778af0420, RDX=0x0000000778af0118
RSP=0x000000002244d7b0, RBP=0x000000002244d898, RSI=0x0000000000000005, RDI=0x0000000778aef970
R8 =0x00000007c0181db0, R9 =0x0000000020b306d8, R10=0x00000000ef15e162, R11=0x00000000033fe780
R12=0x0000000000000000, R13=0x000000000311276c, R14=0x000000002244d6f8, R15=0x000000001edd2000
RIP=0x000000000303d24c, EFLAGS=0x0000000000010202

Top of Stack: (sp=0x000000002244d7b0)
0x000000002244d7b0:   000000001a6cc548 0000000000000000
0x000000002244d7c0:   000000002244d7e0 000000002244d838
0x000000002244d7d0:   00000006df58bf60 0000000002dc7b30
0x000000002244d7e0:   0000000778af0118 00000000000000b8
0x000000002244d7f0:   00000006df607b48 0000000778af0b10
0x000000002244d800:   000000002244d848 000000001f4e5bc8
0x000000002244d810:   000000002244d898 0000000002dc835d
0x000000002244d820:   0000000002dc835d 0000000000000000
0x000000002244d830:   00000006df607b48 00000006df5f46c0
0x000000002244d840:   0000000778af0798 00000000000000b8
0x000000002244d850:   0000000778af0118 000000002244d858
0x000000002244d860:   000000001f4e3e0b 000000002244d8e8
0x000000002244d870:   000000001f4e5bc8 0000000000000000
0x000000002244d880:   000000001f4e3e90 000000002244d828
0x000000002244d890:   000000002244d8d8 000000002244d930
0x000000002244d8a0:   0000000002dc835d 0000000000000000 

Instructions: (pc=0x000000000303d24c)
0x000000000303d22c:   03 8b 7a 70 48 c1 e7 03 48 3b 01 4c 8b c1 49 b9
0x000000000303d23c:   d8 06 b3 20 00 00 00 00 45 8b 40 08 49 c1 e0 03
0x000000000303d24c:   4d 3b 81 80 01 00 20 75 0d 49 83 81 88 01 00 00
0x000000000303d25c:   01 e9 66 00 00 00 4d 3b 81 90 01 00 00 75 0d 49 


Register to memory mapping:

RAX=0x0000000778af0b10 is an oop
jdk.internal.org.objectweb.asm.Item 
 - klass: 'jdk/internal/org/objectweb/asm/Item'
RBX=0x0000000000000000 is an unknown value
RCX=0x0000000778af0420 is an oop
jdk.internal.org.objectweb.asm.Frame 
 - klass: 'jdk/internal/org/objectweb/asm/Frame'
RDX=0x0000000778af0118 is an oop
jdk.internal.org.objectweb.asm.MethodWriter 
 - klass: 'jdk/internal/org/objectweb/asm/MethodWriter'
RSP=0x000000002244d7b0 is pointing into the stack for thread: 0x000000001edd2000
RBP=0x000000002244d898 is pointing into the stack for thread: 0x000000001edd2000
RSI=0x0000000000000005 is an unknown value
RDI=0x0000000778aef970 is an oop
jdk.internal.org.objectweb.asm.ClassWriter 
 - klass: 'jdk/internal/org/objectweb/asm/ClassWriter'
R8 =0x00000007c0181db0 is pointing into metadata
R9 =0x0000000020b306d8 is pointing into metadata
R10=0x00000000ef15e162 is an unknown value
R11=0x00000000033fe780 is at entry_point+32 in (nmethod*)0x00000000033fe590
R12=0x0000000000000000 is an unknown value
R13=0x000000000311276c is at entry_point+748 in (nmethod*)0x0000000003112290
R14=0x000000002244d6f8 is pointing into the stack for thread: 0x000000001edd2000
R15=0x000000001edd2000 is a thread


Stack: [0x0000000022350000,0x0000000022450000],  sp=0x000000002244d7b0,  free space=1013k
Native frames: (J=compiled Java code, j=interpreted, Vv=VM code, C=native code)
C  0x000000000303d24c


---------------  P R O C E S S  ---------------

Java Threads: ( => current thread )
=>0x000000001edd2000 JavaThread "AWT-Windows" daemon [_thread_in_Java, id=7236, stack(0x0000000022350000,0x0000000022450000)]
  0x000000001edd1800 JavaThread "AWT-Shutdown" [_thread_blocked, id=5184, stack(0x0000000022150000,0x0000000022250000)]
  0x000000001da40000 JavaThread "Java2D Disposer" daemon [_thread_blocked, id=8628, stack(0x0000000020df0000,0x0000000020ef0000)]
  0x000000001b09a800 JavaThread "Service Thread" daemon [_thread_blocked, id=3180, stack(0x000000001c240000,0x000000001c340000)]
  0x000000001b094800 JavaThread "C1 CompilerThread1" daemon [_thread_blocked, id=10632, stack(0x000000001c140000,0x000000001c240000)]
  0x000000001b039800 JavaThread "C2 CompilerThread0" daemon [_thread_blocked, id=752, stack(0x000000001c040000,0x000000001c140000)]
  0x000000001b038000 JavaThread "Attach Listener" daemon [_thread_blocked, id=7648, stack(0x000000001bf40000,0x000000001c040000)]
  0x000000001b035000 JavaThread "Signal Dispatcher" daemon [_thread_blocked, id=4776, stack(0x000000001be40000,0x000000001bf40000)]
  0x000000001b017000 JavaThread "Finalizer" daemon [_thread_blocked, id=10928, stack(0x000000001bc50000,0x000000001bd50000)]
  0x000000001b00e000 JavaThread "Reference Handler" daemon [_thread_blocked, id=2844, stack(0x000000001bb50000,0x000000001bc50000)]
  0x0000000002cd6000 JavaThread "main" [_thread_blocked, id=6676, stack(0x0000000002b50000,0x0000000002c50000)]

Other Threads:
  0x000000001afe6800 VMThread [stack: 0x000000001ba50000,0x000000001bb50000] [id=6148]
  0x000000001c37b800 WatcherThread [stack: 0x000000001c740000,0x000000001c840000] [id=6076]

VM state:not at safepoint (normal execution)

VM Mutex/Monitor currently owned by a thread: None

Heap:
 PSYoungGen      total 60416K, used 60126K [0x0000000775100000, 0x000000077a180000, 0x00000007c0000000)
  eden space 59904K, 99% used [0x0000000775100000,0x0000000778b7f880,0x0000000778b80000)
  from space 512K, 43% used [0x000000077a100000,0x000000077a138000,0x000000077a180000)
  to   space 9216K, 0% used [0x0000000778f80000,0x0000000778f80000,0x0000000779880000)
 ParOldGen       total 68096K, used 15778K [0x00000006df200000, 0x00000006e3480000, 0x0000000775100000)
  object space 68096K, 23% used [0x00000006df200000,0x00000006e01688c8,0x00000006e3480000)
 Metaspace       used 23286K, capacity 23568K, committed 23808K, reserved 1071104K
  class space    used 2678K, capacity 2769K, committed 2816K, reserved 1048576K

Card table byte_map: [0x0000000012180000,0x0000000012890000] byte_map_base: 0x000000000ea87000

Marking Bits: (ParMarkBitMap*) 0x00000000693d2d00
 Begin Bits: [0x0000000012f40000, 0x0000000016778000)
 End Bits:   [0x0000000016778000, 0x0000000019fb0000)

Polling page: 0x0000000002a10000

CodeCache: size=245760Kb used=9452Kb max_used=9453Kb free=236307Kb
 bounds [0x0000000002dc0000, 0x0000000003710000, 0x0000000011dc0000]
 total_blobs=2826 nmethods=2145 adapters=593
 compilation: enabled

Compilation events (10 events):
Event: 220.700 Thread 0x000000001b094800 2389       3       java.util.Locale::equals (75 bytes)
Event: 220.701 Thread 0x000000001b094800 nmethod 2389 0x00000000036f61d0 code [0x00000000036f6380, 0x00000000036f6bd8]
Event: 220.754 Thread 0x000000001b094800 2390   !   3       java.lang.invoke.MemberName::clone (14 bytes)
Event: 220.755 Thread 0x000000001b094800 nmethod 2390 0x00000000036f58d0 code [0x00000000036f5a60, 0x00000000036f5e18]
Event: 220.802 Thread 0x000000001b094800 2391       3       java.lang.invoke.MemberName$Factory::resolveOrFail (52 bytes)
Event: 220.804 Thread 0x000000001b094800 nmethod 2391 0x00000000036f4b10 code [0x00000000036f4ce0, 0x00000000036f55d8]
Event: 220.804 Thread 0x000000001b094800 2392   !   3       java.lang.invoke.MemberName$Factory::resolve (145 bytes)
Event: 220.805 Thread 0x000000001b094800 nmethod 2392 0x00000000036f3c10 code [0x00000000036f3e00, 0x00000000036f4688]
Event: 220.805 Thread 0x000000001b094800 2393       3       java.lang.invoke.MemberName::access$002 (7 bytes)
Event: 220.806 Thread 0x000000001b094800 nmethod 2393 0x00000000036f38d0 code [0x00000000036f3a20, 0x00000000036f3b70]

GC Heap History (10 events):
Event: 161.715 GC heap before
{Heap before GC invocations=9 (full 0):
 PSYoungGen      total 56832K, used 50158K [0x0000000775100000, 0x000000077a000000, 0x00000007c0000000)
  eden space 47616K, 100% used [0x0000000775100000,0x0000000777f80000,0x0000000777f80000)
  from space 9216K, 27% used [0x0000000778880000,0x0000000778afba48,0x0000000779180000)
  to   space 9216K, 0% used [0x0000000777f80000,0x0000000777f80000,0x0000000778880000)
 ParOldGen       total 86016K, used 9986K [0x00000006df200000, 0x00000006e4600000, 0x0000000775100000)
  object space 86016K, 11% used [0x00000006df200000,0x00000006dfbc0b68,0x00000006e4600000)
 Metaspace       used 20128K, capacity 20390K, committed 20608K, reserved 1067008K
  class space    used 2229K, capacity 2341K, committed 2432K, reserved 1048576K
Event: 161.733 GC heap after
Heap after GC invocations=9 (full 0):
 PSYoungGen      total 50688K, used 3986K [0x0000000775100000, 0x0000000778f80000, 0x00000007c0000000)
  eden space 46592K, 0% used [0x0000000775100000,0x0000000775100000,0x0000000777e80000)
  from space 4096K, 97% used [0x0000000777f80000,0x0000000778364b80,0x0000000778380000)
  to   space 8704K, 0% used [0x0000000778700000,0x0000000778700000,0x0000000778f80000)
 ParOldGen       total 86016K, used 10557K [0x00000006df200000, 0x00000006e4600000, 0x0000000775100000)
  object space 86016K, 12% used [0x00000006df200000,0x00000006dfc4f608,0x00000006e4600000)
 Metaspace       used 20128K, capacity 20390K, committed 20608K, reserved 1067008K
  class space    used 2229K, capacity 2341K, committed 2432K, reserved 1048576K
}
Event: 178.700 GC heap before
{Heap before GC invocations=10 (full 0):
 PSYoungGen      total 50688K, used 50578K [0x0000000775100000, 0x0000000778f80000, 0x00000007c0000000)
  eden space 46592K, 100% used [0x0000000775100000,0x0000000777e80000,0x0000000777e80000)
  from space 4096K, 97% used [0x0000000777f80000,0x0000000778364b80,0x0000000778380000)
  to   space 8704K, 0% used [0x0000000778700000,0x0000000778700000,0x0000000778f80000)
 ParOldGen       total 86016K, used 10557K [0x00000006df200000, 0x00000006e4600000, 0x0000000775100000)
  object space 86016K, 12% used [0x00000006df200000,0x00000006dfc4f608,0x00000006e4600000)
 Metaspace       used 20211K, capacity 20480K, committed 20608K, reserved 1067008K
  class space    used 2237K, capacity 2346K, committed 2432K, reserved 1048576K
Event: 178.722 GC heap after
Heap after GC invocations=10 (full 0):
 PSYoungGen      total 53248K, used 3696K [0x0000000775100000, 0x0000000778e80000, 0x00000007c0000000)
  eden space 45568K, 0% used [0x0000000775100000,0x0000000775100000,0x0000000777d80000)
  from space 7680K, 48% used [0x0000000778700000,0x0000000778a9c010,0x0000000778e80000)
  to   space 8704K, 0% used [0x0000000777d80000,0x0000000777d80000,0x0000000778600000)
 ParOldGen       total 86016K, used 12429K [0x00000006df200000, 0x00000006e4600000, 0x0000000775100000)
  object space 86016K, 14% used [0x00000006df200000,0x00000006dfe23608,0x00000006e4600000)
 Metaspace       used 20211K, capacity 20480K, committed 20608K, reserved 1067008K
  class space    used 2237K, capacity 2346K, committed 2432K, reserved 1048576K
}
Event: 187.982 GC heap before
{Heap before GC invocations=11 (full 0):
 PSYoungGen      total 53248K, used 28214K [0x0000000775100000, 0x0000000778e80000, 0x00000007c0000000)
  eden space 45568K, 53% used [0x0000000775100000,0x00000007768f1930,0x0000000777d80000)
  from space 7680K, 48% used [0x0000000778700000,0x0000000778a9c010,0x0000000778e80000)
  to   space 8704K, 0% used [0x0000000777d80000,0x0000000777d80000,0x0000000778600000)
 ParOldGen       total 86016K, used 12429K [0x00000006df200000, 0x00000006e4600000, 0x0000000775100000)
  object space 86016K, 14% used [0x00000006df200000,0x00000006dfe23608,0x00000006e4600000)
 Metaspace       used 20922K, capacity 21276K, committed 21296K, reserved 1069056K
  class space    used 2322K, capacity 2431K, committed 2432K, reserved 1048576K
Event: 188.440 GC heap after
Heap after GC invocations=11 (full 0):
 PSYoungGen      total 54272K, used 1080K [0x0000000775100000, 0x000000077a980000, 0x00000007c0000000)
  eden space 45568K, 0% used [0x0000000775100000,0x0000000775100000,0x0000000777d80000)
  from space 8704K, 12% used [0x0000000777d80000,0x0000000777e8e1e8,0x0000000778600000)
  to   space 8704K, 0% used [0x000000077a100000,0x000000077a100000,0x000000077a980000)
 ParOldGen       total 86016K, used 16068K [0x00000006df200000, 0x00000006e4600000, 0x0000000775100000)
  object space 86016K, 18% used [0x00000006df200000,0x00000006e01b1010,0x00000006e4600000)
 Metaspace       used 20922K, capacity 21276K, committed 21296K, reserved 1069056K
  class space    used 2322K, capacity 2431K, committed 2432K, reserved 1048576K
}
Event: 188.440 GC heap before
{Heap before GC invocations=12 (full 1):
 PSYoungGen      total 54272K, used 1080K [0x0000000775100000, 0x000000077a980000, 0x00000007c0000000)
  eden space 45568K, 0% used [0x0000000775100000,0x0000000775100000,0x0000000777d80000)
  from space 8704K, 12% used [0x0000000777d80000,0x0000000777e8e1e8,0x0000000778600000)
  to   space 8704K, 0% used [0x000000077a100000,0x000000077a100000,0x000000077a980000)
 ParOldGen       total 86016K, used 16068K [0x00000006df200000, 0x00000006e4600000, 0x0000000775100000)
  object space 86016K, 18% used [0x00000006df200000,0x00000006e01b1010,0x00000006e4600000)
 Metaspace       used 20922K, capacity 21276K, committed 21296K, reserved 1069056K
  class space    used 2322K, capacity 2431K, committed 2432K, reserved 1048576K
Event: 190.797 GC heap after
Heap after GC invocations=12 (full 1):
 PSYoungGen      total 54272K, used 0K [0x0000000775100000, 0x000000077a980000, 0x00000007c0000000)
  eden space 45568K, 0% used [0x0000000775100000,0x0000000775100000,0x0000000777d80000)
  from space 8704K, 0% used [0x0000000777d80000,0x0000000777d80000,0x0000000778600000)
  to   space 8704K, 0% used [0x000000077a100000,0x000000077a100000,0x000000077a980000)
 ParOldGen       total 68096K, used 15770K [0x00000006df200000, 0x00000006e3480000, 0x0000000775100000)
  object space 68096K, 23% used [0x00000006df200000,0x00000006e01668c8,0x00000006e3480000)
 Metaspace       used 20922K, capacity 21276K, committed 21296K, reserved 1069056K
  class space    used 2322K, capacity 2431K, committed 2432K, reserved 1048576K
}
Event: 199.843 GC heap before
{Heap before GC invocations=13 (full 1):
 PSYoungGen      total 54272K, used 45568K [0x0000000775100000, 0x000000077a980000, 0x00000007c0000000)
  eden space 45568K, 100% used [0x0000000775100000,0x0000000777d80000,0x0000000777d80000)
  from space 8704K, 0% used [0x0000000777d80000,0x0000000777d80000,0x0000000778600000)
  to   space 8704K, 0% used [0x000000077a100000,0x000000077a100000,0x000000077a980000)
 ParOldGen       total 68096K, used 15770K [0x00000006df200000, 0x00000006e3480000, 0x0000000775100000)
  object space 68096K, 23% used [0x00000006df200000,0x00000006e01668c8,0x00000006e3480000)
 Metaspace       used 20950K, capacity 21288K, committed 21424K, reserved 1069056K
  class space    used 2333K, capacity 2439K, committed 2560K, reserved 1048576K
Event: 199.866 GC heap after
Heap after GC invocations=13 (full 1):
 PSYoungGen      total 60416K, used 224K [0x0000000775100000, 0x000000077a180000, 0x00000007c0000000)
  eden space 59904K, 0% used [0x0000000775100000,0x0000000775100000,0x0000000778b80000)
  from space 512K, 43% used [0x000000077a100000,0x000000077a138000,0x000000077a180000)
  to   space 9216K, 0% used [0x0000000778f80000,0x0000000778f80000,0x0000000779880000)
 ParOldGen       total 68096K, used 15778K [0x00000006df200000, 0x00000006e3480000, 0x0000000775100000)
  object space 68096K, 23% used [0x00000006df200000,0x00000006e01688c8,0x00000006e3480000)
 Metaspace       used 20950K, capacity 21288K, committed 21424K, reserved 1069056K
  class space    used 2333K, capacity 2439K, committed 2560K, reserved 1048576K
}

Deoptimization events (10 events):
Event: 101.465 Thread 0x0000000002cd6000 Uncommon trap: reason=unstable_if action=reinterpret pc=0x000000000339456c method=java.io.WinNTFileSystem.prefixLength(Ljava/lang/String;)I @ 42
Event: 108.867 Thread 0x0000000002cd6000 Uncommon trap: reason=predicate action=maybe_recompile pc=0x0000000003179274 method=groovyjarjarantlr.InputBuffer.syncConsume()V @ 7
Event: 108.868 Thread 0x0000000002cd6000 Uncommon trap: reason=predicate action=maybe_recompile pc=0x0000000003161e14 method=groovyjarjarantlr.InputBuffer.syncConsume()V @ 7
Event: 108.868 Thread 0x0000000002cd6000 Uncommon trap: reason=predicate action=maybe_recompile pc=0x000000000315ffe8 method=groovyjarjarantlr.InputBuffer.syncConsume()V @ 7
Event: 120.526 Thread 0x0000000002cd6000 Uncommon trap: reason=unstable_if action=reinterpret pc=0x0000000003449188 method=java.lang.Class$MethodArray.addIfNotPresent(Ljava/lang/reflect/Method;)V @ 19
Event: 136.006 Thread 0x0000000002cd6000 Uncommon trap: reason=unstable_if action=reinterpret pc=0x00000000033b712c method=java.lang.ThreadLocal$ThreadLocalMap.getEntry(Ljava/lang/ThreadLocal;)Ljava/lang/ThreadLocal$ThreadLocalMap$Entry; @ 29
Event: 149.652 Thread 0x0000000002cd6000 Uncommon trap: reason=unstable_if action=reinterpret pc=0x0000000003573d9c method=groovy.lang.MetaClassImpl.checkIfStdMethod(Lgroovy/lang/MetaMethod;)V @ 167
Event: 149.667 Thread 0x0000000002cd6000 Uncommon trap: reason=unstable_if action=reinterpret pc=0x0000000003581808 method=groovy.lang.MetaClassImpl.checkIfStdMethod(Lgroovy/lang/MetaMethod;)V @ 167
Event: 182.443 Thread 0x0000000002cd6000 Uncommon trap: reason=unstable_if action=reinterpret pc=0x0000000002fe2e68 method=java.io.WinNTFileSystem.normalize(Ljava/lang/String;II)Ljava/lang/String; @ 8
Event: 218.634 Thread 0x0000000002cd6000 Uncommon trap: reason=unstable_if action=reinterpret pc=0x00000000036b3124 method=groovy.lang.MetaClassImpl$1MOPIter.methodNameAction(Ljava/lang/Class;Lorg/codehaus/groovy/runtime/metaclass/MetaMethodIndex$Entry;)V @ 354

Classes redefined (0 events):
No events

Internal exceptions (10 events):
Event: 219.102 Thread 0x0000000002cd6000 Exception <a 'java/lang/ClassNotFoundException': com/kms/katalon/core/webui/keyword/builtin/OpenBrowserKeywordBeanInfo> (0x0000000778606d30) thrown at [C:\re\workspace\8-2-build-windows-amd64-cygwin\jdk8u181\11358\hotspot\src\share\vm\classfile\systemDict
Event: 219.110 Thread 0x0000000002cd6000 Exception <a 'java/lang/ClassNotFoundException': com/kms/katalon/core/webui/keyword/internal/WebUIAbstractKeywordBeanInfo> (0x0000000778689ba8) thrown at [C:\re\workspace\8-2-build-windows-amd64-cygwin\jdk8u181\11358\hotspot\src\share\vm\classfile\systemD
Event: 219.120 Thread 0x0000000002cd6000 Exception <a 'java/lang/ClassNotFoundException': com/kms/katalon/core/keyword/internal/AbstractKeywordBeanInfo> (0x00000007786fe890) thrown at [C:\re\workspace\8-2-build-windows-amd64-cygwin\jdk8u181\11358\hotspot\src\share\vm\classfile\systemDictionary.c
Event: 219.126 Thread 0x0000000002cd6000 Exception <a 'java/lang/ClassNotFoundException': com/kms/katalon/core/keyword/internal/AbstractKeywordCustomizer> (0x0000000778775ed8) thrown at [C:\re\workspace\8-2-build-windows-amd64-cygwin\jdk8u181\11358\hotspot\src\share\vm\classfile\systemDictionary
Event: 219.487 Thread 0x0000000002cd6000 Exception <a 'java/lang/ClassNotFoundException': com/kms/katalon/core/webui/keyword/internal/WebUIAbstractKeywordCustomizer> (0x0000000778800e28) thrown at [C:\re\workspace\8-2-build-windows-amd64-cygwin\jdk8u181\11358\hotspot\src\share\vm\classfile\syste
Event: 219.495 Thread 0x0000000002cd6000 Exception <a 'java/lang/ClassNotFoundException': com/kms/katalon/core/webui/keyword/builtin/OpenBrowserKeywordCustomizer> (0x00000007788899c0) thrown at [C:\re\workspace\8-2-build-windows-amd64-cygwin\jdk8u181\11358\hotspot\src\share\vm\classfile\systemDi
Event: 219.551 Thread 0x0000000002cd6000 Exception <a 'java/lang/ClassNotFoundException': com/kms/katalon/core/webui/common/ScreenUtilBeanInfo> (0x0000000778949408) thrown at [C:\re\workspace\8-2-build-windows-amd64-cygwin\jdk8u181\11358\hotspot\src\share\vm\classfile\systemDictionary.cpp, line 
Event: 219.741 Thread 0x0000000002cd6000 Exception <a 'java/lang/ClassNotFoundException': com/kms/katalon/core/webui/common/ScreenUtilCustomizer> (0x00000007789b4488) thrown at [C:\re\workspace\8-2-build-windows-amd64-cygwin\jdk8u181\11358\hotspot\src\share\vm\classfile\systemDictionary.cpp, lin
Event: 220.259 Thread 0x0000000002cd6000 Exception <a 'java/io/FileNotFoundException'> (0x0000000778a3e090) thrown at [C:\re\workspace\8-2-build-windows-amd64-cygwin\jdk8u181\11358\hotspot\src\share\vm\prims\jni.cpp, line 709]
Event: 220.702 Thread 0x0000000002cd6000 Exception <a 'java/io/FileNotFoundException'> (0x0000000778a7a3d8) thrown at [C:\re\workspace\8-2-build-windows-amd64-cygwin\jdk8u181\11358\hotspot\src\share\vm\prims\jni.cpp, line 709]

Events (10 events):
Event: 220.710 loading class sun/java2d/Disposer$1 done
Event: 220.714 loading class sun/misc/ThreadGroupUtils
Event: 220.714 loading class sun/misc/ThreadGroupUtils done
Event: 220.715 Thread 0x000000001da40000 Thread added: 0x000000001da40000
Event: 220.715 loading class sun/awt/AWTAutoShutdown
Event: 220.716 loading class sun/awt/AWTAutoShutdown done
Event: 220.716 Thread 0x000000001edd1800 Thread added: 0x000000001edd1800
Event: 220.756 Thread 0x000000001edd2000 Thread added: 0x000000001edd2000
Event: 220.802 Executing VM operation: RevokeBias
Event: 220.803 Executing VM operation: RevokeBias done


Dynamic libraries:
0x00007ff6b46a0000 - 0x00007ff6b46d7000 	C:\KatalonStudio\Katalon_Studio_Windows_64-5.9.0\jre\bin\javaw.exe
0x00007ffe52750000 - 0x00007ffe52931000 	C:\WINDOWS\SYSTEM32\ntdll.dll
0x00007ffe52090000 - 0x00007ffe52142000 	C:\WINDOWS\System32\KERNEL32.DLL
0x00007ffe4ef40000 - 0x00007ffe4f1b3000 	C:\WINDOWS\System32\KERNELBASE.dll
0x00007ffe522e0000 - 0x00007ffe52381000 	C:\WINDOWS\System32\ADVAPI32.dll
0x00007ffe4fe70000 - 0x00007ffe4ff0e000 	C:\WINDOWS\System32\msvcrt.dll
0x00007ffe51f90000 - 0x00007ffe51feb000 	C:\WINDOWS\System32\sechost.dll
0x00007ffe4fbf0000 - 0x00007ffe4fd14000 	C:\WINDOWS\System32\RPCRT4.dll
0x00007ffe52580000 - 0x00007ffe52710000 	C:\WINDOWS\System32\USER32.dll
0x00007ffe4f920000 - 0x00007ffe4f940000 	C:\WINDOWS\System32\win32u.dll
0x00007ffe52550000 - 0x00007ffe52578000 	C:\WINDOWS\System32\GDI32.dll
0x00007ffe4ec20000 - 0x00007ffe4edb2000 	C:\WINDOWS\System32\gdi32full.dll
0x00007ffe4eb80000 - 0x00007ffe4ec1f000 	C:\WINDOWS\System32\msvcp_win.dll
0x00007ffe4ee40000 - 0x00007ffe4ef3a000 	C:\WINDOWS\System32\ucrtbase.dll
0x00007ffe40e90000 - 0x00007ffe410f9000 	C:\WINDOWS\WinSxS\amd64_microsoft.windows.common-controls_6595b64144ccf1df_6.0.17134.407_none_fb449d63306391e9\COMCTL32.dll
0x00007ffe51b10000 - 0x00007ffe51e32000 	C:\WINDOWS\System32\combase.dll
0x00007ffe4edc0000 - 0x00007ffe4ee3a000 	C:\WINDOWS\System32\bcryptPrimitives.dll
0x00007ffe4ff10000 - 0x00007ffe4ff3d000 	C:\WINDOWS\System32\IMM32.DLL
0x00007ffe27540000 - 0x00007ffe275d4000 	c:\program files (x86)\f-secure\safe\apps\ultralight\ulcore\1542633654\fshook64.dll
0x0000000068900000 - 0x00000000689d2000 	C:\KatalonStudio\Katalon_Studio_Windows_64-5.9.0\jre\bin\msvcr100.dll
0x0000000068bb0000 - 0x0000000069452000 	C:\KatalonStudio\Katalon_Studio_Windows_64-5.9.0\jre\bin\server\jvm.dll
0x00007ffe522d0000 - 0x00007ffe522d8000 	C:\WINDOWS\System32\PSAPI.DLL
0x00007ffe4d1c0000 - 0x00007ffe4d1c9000 	C:\WINDOWS\SYSTEM32\WSOCK32.dll
0x00007ffe51520000 - 0x00007ffe5158c000 	C:\WINDOWS\System32\WS2_32.dll
0x00007ffe4bdf0000 - 0x00007ffe4be13000 	C:\WINDOWS\SYSTEM32\WINMM.dll
0x00007ffe41730000 - 0x00007ffe4173a000 	C:\WINDOWS\SYSTEM32\VERSION.dll
0x00007ffe4bdc0000 - 0x00007ffe4bdea000 	C:\WINDOWS\SYSTEM32\WINMMBASE.dll
0x00007ffe4f1c0000 - 0x00007ffe4f209000 	C:\WINDOWS\System32\cfgmgr32.dll
0x0000000068ac0000 - 0x0000000068acf000 	C:\KatalonStudio\Katalon_Studio_Windows_64-5.9.0\jre\bin\verify.dll
0x0000000068a90000 - 0x0000000068ab9000 	C:\KatalonStudio\Katalon_Studio_Windows_64-5.9.0\jre\bin\java.dll
0x0000000068a70000 - 0x0000000068a86000 	C:\KatalonStudio\Katalon_Studio_Windows_64-5.9.0\jre\bin\zip.dll
0x00007ffe500e0000 - 0x00007ffe5151f000 	C:\WINDOWS\System32\SHELL32.dll
0x00007ffe51a00000 - 0x00007ffe51aa9000 	C:\WINDOWS\System32\shcore.dll
0x00007ffe4f210000 - 0x00007ffe4f91d000 	C:\WINDOWS\System32\windows.storage.dll
0x00007ffe52390000 - 0x00007ffe523e1000 	C:\WINDOWS\System32\shlwapi.dll
0x00007ffe4ea70000 - 0x00007ffe4ea81000 	C:\WINDOWS\System32\kernel.appcore.dll
0x00007ffe4ea90000 - 0x00007ffe4eaaf000 	C:\WINDOWS\System32\profapi.dll
0x00007ffe4eab0000 - 0x00007ffe4eafc000 	C:\WINDOWS\System32\powrprof.dll
0x00007ffe4ea60000 - 0x00007ffe4ea6a000 	C:\WINDOWS\System32\FLTLIB.DLL
0x0000000068a50000 - 0x0000000068a6a000 	C:\KatalonStudio\Katalon_Studio_Windows_64-5.9.0\jre\bin\net.dll
0x00007ffe4df20000 - 0x00007ffe4df86000 	C:\WINDOWS\system32\mswsock.dll
0x0000000068a30000 - 0x0000000068a41000 	C:\KatalonStudio\Katalon_Studio_Windows_64-5.9.0\jre\bin\nio.dll
0x0000000068760000 - 0x00000000688f9000 	C:\KatalonStudio\Katalon_Studio_Windows_64-5.9.0\jre\bin\awt.dll
0x00007ffe51e40000 - 0x00007ffe51f02000 	C:\WINDOWS\System32\OLEAUT32.dll
0x00007ffe4c340000 - 0x00007ffe4c3cb000 	C:\WINDOWS\SYSTEM32\apphelp.dll
0x00007ffe4c6a0000 - 0x00007ffe4c6c9000 	C:\WINDOWS\system32\DWMAPI.DLL
0x00007ffe4c5d0000 - 0x00007ffe4c668000 	C:\WINDOWS\system32\uxtheme.dll
0x00007ffe426a0000 - 0x00007ffe427c0000 	C:\WINDOWS\system32\opengl32.dll
0x00007ffe453e0000 - 0x00007ffe4540c000 	C:\WINDOWS\SYSTEM32\GLU32.dll
0x00007ffe52150000 - 0x00007ffe522c3000 	C:\WINDOWS\System32\MSCTF.dll
0x00007ffe523f0000 - 0x00007ffe52541000 	C:\WINDOWS\System32\ole32.dll
0x00007ffe4e570000 - 0x00007ffe4e739000 	C:\WINDOWS\SYSTEM32\dbghelp.dll

VM Arguments:
jvm_args: -Dgroovy.home=/C:/KatalonStudio/Katalon_Studio_Windows_64-5.9.0/plugins/org.codehaus.groovy_2.4.7.xx-201611170128-e46/ -Xmx3598m -Dfile.encoding=UTF-8 
java_command: org.codehaus.groovy.tools.GroovyStarter --classpath C:\KatalonStudio\DataDrivenTestMaster\Include\scripts\groovy;C:\KatalonStudio\DataDrivenTestMaster\Keywords;C:\KatalonStudio\DataDrivenTestMaster\Libs;C:\KatalonStudio\DataDrivenTestMaster\Test Listeners;C:\KatalonStudio\DataDrivenTestMaster\Drivers\aopalliance-1.0.jar;C:\KatalonStudio\DataDrivenTestMaster\Drivers\aopalliance-repackaged-2.5.0-b36.jar;C:\KatalonStudio\DataDrivenTestMaster\Drivers\bcprov-jdk15on-158.jar;C:\KatalonStudio\DataDrivenTestMaster\Drivers\cglib-nodep-2.1_3.jar;C:\KatalonStudio\DataDrivenTestMaster\Drivers\classmate-1.3.1.jar;C:\KatalonStudio\DataDrivenTestMaster\Drivers\coffig-3.0.0.jar;C:\KatalonStudio\DataDrivenTestMaster\Drivers\commons-cli-1.4.jar;C:\KatalonStudio\DataDrivenTestMaster\Drivers\commons-codec-1.10.jar;C:\KatalonStudio\DataDrivenTestMaster\Drivers\commons-collections-3.2.1.jar;C:\KatalonStudio\DataDrivenTestMaster\Drivers\commons-exec-1.3.jar;C:\KatalonStudio\DataDrivenTestMaster\Drivers\commons-io-2.4.jar;C:\KatalonStudio\DataDrivenTestMaster\Drivers\commons-lang-2.6.jar;C:\KatalonStudio\DataDrivenTestMaster\Drivers\commons-lang3-3.2.1.jar;C:\KatalonStudio\DataDrivenTestMaster\Drivers\commons-lang3-3.4.jar;C:\KatalonStudio\DataDrivenTestMaster\Drivers\commons-logging-1.2.jar;C:\KatalonStudio\DataDrivenTestMaster\Drivers\cors-filter-1.9.2.jar;C:\KatalonStudio\DataDrivenTestMaster\Drivers\creditcard.jar;C:\KatalonStudio\DataDrivenTestMaster\Drivers\cssparser-0.9.16.jar;C:\KatalonStudio\DataDrivenTestMaster\Drivers\gson-2.3.1.jar;C:\KatalonStudio\DataDrivenTestMaster\Drivers\guava-18.0.jar;C:\KatalonStudio\DataDrivenTestMaster\Drivers\guava-20.0.jar;C:\KatalonStudio\DataDrivenTestMaster\Drivers\guice-4.1.0.jar;C:\KatalonStudio\DataDrivenTestMaster\Drivers\guice-assistedinject-4.1.0.jar;C:\KatalonStudio\DataDrivenTestMaster\Drivers\guice-bridge-2.5.0-b36.jar;C:\KatalonStudio\DataDrivenTestMaster\Drivers\guice-multibindings-4.1.0.jar;C:\KatalonStudio\DataDrivenT
java_class_path (initial): C:\KatalonStudio\DataDrivenTestMaster\bin\keyword;C:\KatalonStudio\DataDrivenTestMaster\bin\listener;C:\KatalonStudio\DataDrivenTestMaster\bin\lib;C:\KatalonStudio\DataDrivenTestMaster\bin\groovy;C:\KatalonStudio\DataDrivenTestMaster\bin;C:\KatalonStudio\Katalon_Studio_Windows_64-5.9.0\plugins\com.kms.katalon.core_1.0.0.201811270709.jar;C:\KatalonStudio\Katalon_Studio_Windows_64-5.9.0\configuration\resources\lib\bcpkix-jdk15on-1.58.jar;C:\KatalonStudio\Katalon_Studio_Windows_64-5.9.0\configuration\resources\lib\bcprov-jdk15on-1.58.jar;C:\KatalonStudio\Katalon_Studio_Windows_64-5.9.0\configuration\resources\lib\browsermob-core-2.1.5.jar;C:\KatalonStudio\Katalon_Studio_Windows_64-5.9.0\configuration\resources\lib\dnsjava-2.1.8.jar;C:\KatalonStudio\Katalon_Studio_Windows_64-5.9.0\configuration\resources\lib\java-client-5.0.4.jar;C:\KatalonStudio\Katalon_Studio_Windows_64-5.9.0\configuration\resources\lib\jna-4.1.0.jar;C:\KatalonStudio\Katalon_Studio_Windows_64-5.9.0\configuration\resources\lib\jna-platform-4.1.0.jar;C:\KatalonStudio\Katalon_Studio_Windows_64-5.9.0\configuration\resources\lib\jzlib-1.1.3.jar;C:\KatalonStudio\Katalon_Studio_Windows_64-5.9.0\configuration\resources\lib\kat-server.jar;C:\KatalonStudio\Katalon_Studio_Windows_64-5.9.0\configuration\resources\lib\littleproxy-1.1.0-beta-bmp-17.jar;C:\KatalonStudio\Katalon_Studio_Windows_64-5.9.0\configuration\resources\lib\mitm-2.1.5.jar;C:\KatalonStudio\Katalon_Studio_Windows_64-5.9.0\configuration\resources\lib\netty-all-4.0.51.Final.jar;C:\KatalonStudio\Katalon_Studio_Windows_64-5.9.0\configuration\resources\lib\repackaged-guava-19.0.jar;C:\KatalonStudio\Katalon_Studio_Windows_64-5.9.0\configuration\resources\lib\repackaged-sikuli-api-1.0.2-standalone.jar;C:\KatalonStudio\Katalon_Studio_Windows_64-5.9.0\configuration\resources\lib\selenium-leg-rc-3.7.0.jar;C:\KatalonStudio\Katalon_Studio_Windows_64-5.9.0\configuration\resources\lib\selenium-server-standalone-3.7.1.jar;C:\Katalon
Launcher Type: SUN_STANDARD

Environment Variables:
JAVA_HOME=C:\Program Files\Java\jdk1.8.0_144
JRE_HOME=C:\Program Files\Java\jre1.8.0_151
PATH=C:/KatalonStudio/Katalon_Studio_Windows_64-5.9.0/jre/bin/server;C:/KatalonStudio/Katalon_Studio_Windows_64-5.9.0/jre/bin;C:/KatalonStudio/Katalon_Studio_Windows_64-5.9.0/jre/lib/amd64;C:\Program Files (x86)\Common Files\Oracle\Java\javapath;C:\Program Files\ImageMagick-7.0.7-Q16;C:\ProgramData\Oracle\Java\javapath;C:\Python27\;C:\Python27\Scripts;C:\Program Files (x86)\Intel\TXE Components\TCS\;C:\Program Files\Intel\TXE Components\TCS\;C:\WINDOWS\system32;C:\WINDOWS;C:\WINDOWS\System32\Wbem;C:\WINDOWS\System32\WindowsPowerShell\v1.0\;C:\Program Files\Intel\TXE Components\DAL\;C:\Program Files (x86)\Intel\TXE Components\DAL\;C:\Program Files\Intel\TXE Components\IPT\;C:\Program Files (x86)\Intel\TXE Components\IPT\;C:\Program Files\Git\cmd;C:\Users\fitim\Desktop\robot_test_cases\Testing\geckodriver\32;C:\eclipse;C:\WINDOWS\System32\OpenSSH\;C:\Ruby24-x64\bin;C:\Users\fitim\AppData\Local\Microsoft\WindowsApps;C:\Users\fitim\tmp;C:\Users\fitim\AppData\Local\Android\Sdk\build-tools;C:\Users\fitim\AppData\Local\Android\Sdk\tools;;C:\KatalonStudio\Katalon_Studio_Windows_64-5.9.0;
USERNAME=fitim
OS=Windows_NT
PROCESSOR_IDENTIFIER=Intel64 Family 6 Model 76 Stepping 3, GenuineIntel



---------------  S Y S T E M  ---------------

OS: Windows 10.0 , 64 bit Build 17134 (10.0.17134.1)

CPU:total 2 (initial active 2) (2 cores per cpu, 1 threads per core) family 6 model 76 stepping 3, cmov, cx8, fxsr, mmx, sse, sse2, sse3, ssse3, sse4.1, sse4.2, popcnt, aes, clmul, erms, 3dnowpref, tsc, tscinvbit

Memory: 4k page, physical 8227088k(2329080k free), swap 10172688k(686292k free)

vm_info: Java HotSpot(TM) 64-Bit Server VM (25.181-b13) for windows-amd64 JRE (1.8.0_181-b13), built on Jul  7 2018 04:01:33 by "java_re" with MS VC++ 10.0 (VS2010)

time: Thu Nov 29 17:32:42 2018
elapsed time: 221 seconds (0d 0h 3m 41s)

