#
# There is insufficient memory for the Java Runtime Environment to continue.
# Native memory allocation (malloc) failed to allocate 285392 bytes for Chunk::new
# Possible reasons:
#   The system is out of physical RAM or swap space
#   In 32 bit mode, the process size limit was hit
# Possible solutions:
#   Reduce memory load on the system
#   Increase physical memory or swap space
#   Check if swap backing store is full
#   Use 64 bit Java on a 64 bit OS
#   Decrease Java heap size (-Xmx/-Xms)
#   Decrease number of Java threads
#   Decrease Java thread stack sizes (-Xss)
#   Set larger code cache with -XX:ReservedCodeCacheSize=
# This output file may be truncated or incomplete.
#
#  Out of Memory Error (allocation.cpp:390), pid=11432, tid=0x00000000000013e4
#
# JRE version: Java(TM) SE Runtime Environment (8.0_181-b13) (build 1.8.0_181-b13)
# Java VM: Java HotSpot(TM) 64-Bit Server VM (25.181-b13 mixed mode windows-amd64 compressed oops)
# Failed to write core dump. Minidumps are not enabled by default on client versions of Windows
#

---------------  T H R E A D  ---------------

Current thread (0x000000001b3cc800):  JavaThread "C2 CompilerThread0" daemon [_thread_in_native, id=5092, stack(0x000000001c3f0000,0x000000001c4f0000)]

Stack: [0x000000001c3f0000,0x000000001c4f0000]
[error occurred during error reporting (printing stack bounds), id 0xc0000005]

Native frames: (J=compiled Java code, j=interpreted, Vv=VM code, C=native code)


Current CompileTask:
C2:  15727 1756 %     4       sun.misc.URLClassPath::findResource @ 10 (47 bytes)


---------------  P R O C E S S  ---------------

Java Threads: ( => current thread )
  0x000000001b447800 JavaThread "Service Thread" daemon [_thread_blocked, id=6484, stack(0x000000001c5f0000,0x000000001c6f0000)]
  0x000000001b3f5000 JavaThread "C1 CompilerThread1" daemon [_thread_blocked, id=8820, stack(0x000000001c4f0000,0x000000001c5f0000)]
=>0x000000001b3cc800 JavaThread "C2 CompilerThread0" daemon [_thread_in_native, id=5092, stack(0x000000001c3f0000,0x000000001c4f0000)]
  0x000000001b3cb800 JavaThread "Attach Listener" daemon [_thread_blocked, id=8248, stack(0x000000001c2f0000,0x000000001c3f0000)]
  0x000000001b3c6000 JavaThread "Signal Dispatcher" daemon [_thread_blocked, id=6384, stack(0x000000001c1f0000,0x000000001c2f0000)]
  0x000000001b3b1000 JavaThread "Finalizer" daemon [_thread_blocked, id=7760, stack(0x000000001c000000,0x000000001c100000)]
  0x000000001b3a8000 JavaThread "Reference Handler" daemon [_thread_blocked, id=10140, stack(0x000000001bf00000,0x000000001c000000)]
  0x0000000003071000 JavaThread "main" [_thread_in_vm, id=7836, stack(0x0000000002e90000,0x0000000002f90000)]

Other Threads:
  0x000000001b385800 VMThread [stack: 0x000000001be00000,0x000000001bf00000] [id=7640]
  0x000000001b44c800 WatcherThread [stack: 0x000000001c6f0000,0x000000001c7f0000] [id=7784]

VM state:not at safepoint (normal execution)

VM Mutex/Monitor currently owned by a thread: None

Heap:
 PSYoungGen      total 70656K, used 24529K [0x0000000775100000, 0x0000000779b00000, 0x00000007c0000000)
  eden space 65536K, 29% used [0x0000000775100000,0x00000007763f8a50,0x0000000779100000)
  from space 5120K, 99% used [0x0000000779100000,0x00000007795fba80,0x0000000779600000)
  to   space 5120K, 0% used [0x0000000779600000,0x0000000779600000,0x0000000779b00000)
 ParOldGen       total 86016K, used 4348K [0x00000006df200000, 0x00000006e4600000, 0x0000000775100000)
  object space 86016K, 5% used [0x00000006df200000,0x00000006df63f280,0x00000006e4600000)
 Metaspace       used 16096K, capacity 16342K, committed 16768K, reserved 1064960K
  class space    used 1710K, capacity 1799K, committed 1920K, reserved 1048576K

Card table byte_map: [0x0000000012520000,0x0000000012c30000] byte_map_base: 0x000000000ee27000

Marking Bits: (ParMarkBitMap*) 0x000000005b7c2d00
 Begin Bits: [0x00000000132e0000, 0x0000000016b18000)
 End Bits:   [0x0000000016b18000, 0x000000001a350000)

Polling page: 0x00000000012a0000

CodeCache: size=245760Kb used=7640Kb max_used=7640Kb free=238119Kb
 bounds [0x0000000003160000, 0x00000000038e0000, 0x0000000012160000]
 total_blobs=2314 nmethods=1748 adapters=479
 compilation: enabled

Compilation events (10 events):
Event: 15.551 Thread 0x000000001b3f5000 nmethod 1753 0x00000000038d3a10 code [0x00000000038d3c40, 0x00000000038d4988]
Event: 15.559 Thread 0x000000001b3f5000 1754  s    3       sun.misc.URLClassPath::getLookupCache (98 bytes)
Event: 15.560 Thread 0x000000001b3f5000 nmethod 1754 0x00000000038cc5d0 code [0x00000000038cc760, 0x00000000038cccd8]
Event: 15.565 Thread 0x000000001b3cc800 1755       4       java.io.File::exists (43 bytes)
Event: 15.573 Thread 0x000000001b3cc800 nmethod 1755 0x00000000038d1f10 code [0x00000000038d2060, 0x00000000038d22e8]
Event: 15.599 Thread 0x000000001b3cc800 1756 %     4       sun.misc.URLClassPath::findResource @ 10 (47 bytes)
Event: 15.605 Thread 0x000000001b3f5000 1757   !   3       groovy.lang.GroovyClassLoader::recompile (113 bytes)
Event: 15.608 Thread 0x000000001b3f5000 nmethod 1757 0x00000000038d7f90 code [0x00000000038d8260, 0x00000000038d9bf8]
Event: 15.667 Thread 0x000000001b3f5000 1758       3       org.codehaus.groovy.ast.ModuleNode::isPackageInfo (38 bytes)
Event: 15.668 Thread 0x000000001b3f5000 nmethod 1758 0x00000000038d1790 code [0x00000000038d1920, 0x00000000038d1d68]

GC Heap History (10 events):
Event: 5.678 GC heap before
{Heap before GC invocations=1 (full 0):
 PSYoungGen      total 37888K, used 32768K [0x0000000775100000, 0x0000000777b00000, 0x00000007c0000000)
  eden space 32768K, 100% used [0x0000000775100000,0x0000000777100000,0x0000000777100000)
  from space 5120K, 0% used [0x0000000777600000,0x0000000777600000,0x0000000777b00000)
  to   space 5120K, 0% used [0x0000000777100000,0x0000000777100000,0x0000000777600000)
 ParOldGen       total 86016K, used 0K [0x00000006df200000, 0x00000006e4600000, 0x0000000775100000)
  object space 86016K, 0% used [0x00000006df200000,0x00000006df200000,0x00000006e4600000)
 Metaspace       used 4820K, capacity 5376K, committed 5504K, reserved 1056768K
  class space    used 522K, capacity 560K, committed 640K, reserved 1048576K
Event: 5.694 GC heap after
Heap after GC invocations=1 (full 0):
 PSYoungGen      total 37888K, used 4511K [0x0000000775100000, 0x0000000777b00000, 0x00000007c0000000)
  eden space 32768K, 0% used [0x0000000775100000,0x0000000775100000,0x0000000777100000)
  from space 5120K, 88% used [0x0000000777100000,0x0000000777567db0,0x0000000777600000)
  to   space 5120K, 0% used [0x0000000777600000,0x0000000777600000,0x0000000777b00000)
 ParOldGen       total 86016K, used 8K [0x00000006df200000, 0x00000006e4600000, 0x0000000775100000)
  object space 86016K, 0% used [0x00000006df200000,0x00000006df202000,0x00000006e4600000)
 Metaspace       used 4820K, capacity 5376K, committed 5504K, reserved 1056768K
  class space    used 522K, capacity 560K, committed 640K, reserved 1048576K
}
Event: 8.592 GC heap before
{Heap before GC invocations=2 (full 0):
 PSYoungGen      total 37888K, used 37279K [0x0000000775100000, 0x0000000777b00000, 0x00000007c0000000)
  eden space 32768K, 100% used [0x0000000775100000,0x0000000777100000,0x0000000777100000)
  from space 5120K, 88% used [0x0000000777100000,0x0000000777567db0,0x0000000777600000)
  to   space 5120K, 0% used [0x0000000777600000,0x0000000777600000,0x0000000777b00000)
 ParOldGen       total 86016K, used 8K [0x00000006df200000, 0x00000006e4600000, 0x0000000775100000)
  object space 86016K, 0% used [0x00000006df200000,0x00000006df202000,0x00000006e4600000)
 Metaspace       used 8678K, capacity 8784K, committed 8960K, reserved 1056768K
  class space    used 975K, capacity 1008K, committed 1024K, reserved 1048576K
Event: 8.611 GC heap after
Heap after GC invocations=2 (full 0):
 PSYoungGen      total 37888K, used 4771K [0x0000000775100000, 0x0000000777b00000, 0x00000007c0000000)
  eden space 32768K, 0% used [0x0000000775100000,0x0000000775100000,0x0000000777100000)
  from space 5120K, 93% used [0x0000000777600000,0x0000000777aa8ea8,0x0000000777b00000)
  to   space 5120K, 0% used [0x0000000777100000,0x0000000777100000,0x0000000777600000)
 ParOldGen       total 86016K, used 16K [0x00000006df200000, 0x00000006e4600000, 0x0000000775100000)
  object space 86016K, 0% used [0x00000006df200000,0x00000006df204000,0x00000006e4600000)
 Metaspace       used 8678K, capacity 8784K, committed 8960K, reserved 1056768K
  class space    used 975K, capacity 1008K, committed 1024K, reserved 1048576K
}
Event: 10.196 GC heap before
{Heap before GC invocations=3 (full 0):
 PSYoungGen      total 37888K, used 37539K [0x0000000775100000, 0x0000000777b00000, 0x00000007c0000000)
  eden space 32768K, 100% used [0x0000000775100000,0x0000000777100000,0x0000000777100000)
  from space 5120K, 93% used [0x0000000777600000,0x0000000777aa8ea8,0x0000000777b00000)
  to   space 5120K, 0% used [0x0000000777100000,0x0000000777100000,0x0000000777600000)
 ParOldGen       total 86016K, used 16K [0x00000006df200000, 0x00000006e4600000, 0x0000000775100000)
  object space 86016K, 0% used [0x00000006df200000,0x00000006df204000,0x00000006e4600000)
 Metaspace       used 10078K, capacity 10166K, committed 10496K, reserved 1058816K
  class space    used 1122K, capacity 1169K, committed 1280K, reserved 1048576K
Event: 10.235 GC heap after
Heap after GC invocations=3 (full 0):
 PSYoungGen      total 37888K, used 4694K [0x0000000775100000, 0x0000000779b00000, 0x00000007c0000000)
  eden space 32768K, 0% used [0x0000000775100000,0x0000000775100000,0x0000000777100000)
  from space 5120K, 91% used [0x0000000777100000,0x00000007775959f0,0x0000000777600000)
  to   space 5120K, 0% used [0x0000000779600000,0x0000000779600000,0x0000000779b00000)
 ParOldGen       total 86016K, used 16K [0x00000006df200000, 0x00000006e4600000, 0x0000000775100000)
  object space 86016K, 0% used [0x00000006df200000,0x00000006df204000,0x00000006e4600000)
 Metaspace       used 10078K, capacity 10166K, committed 10496K, reserved 1058816K
  class space    used 1122K, capacity 1169K, committed 1280K, reserved 1048576K
}
Event: 11.286 GC heap before
{Heap before GC invocations=4 (full 0):
 PSYoungGen      total 37888K, used 37462K [0x0000000775100000, 0x0000000779b00000, 0x00000007c0000000)
  eden space 32768K, 100% used [0x0000000775100000,0x0000000777100000,0x0000000777100000)
  from space 5120K, 91% used [0x0000000777100000,0x00000007775959f0,0x0000000777600000)
  to   space 5120K, 0% used [0x0000000779600000,0x0000000779600000,0x0000000779b00000)
 ParOldGen       total 86016K, used 16K [0x00000006df200000, 0x00000006e4600000, 0x0000000775100000)
  object space 86016K, 0% used [0x00000006df200000,0x00000006df204000,0x00000006e4600000)
 Metaspace       used 11994K, capacity 12084K, committed 12288K, reserved 1060864K
  class space    used 1255K, capacity 1274K, committed 1280K, reserved 1048576K
Event: 11.309 GC heap after
Heap after GC invocations=4 (full 0):
 PSYoungGen      total 70656K, used 5095K [0x0000000775100000, 0x0000000779b00000, 0x00000007c0000000)
  eden space 65536K, 0% used [0x0000000775100000,0x0000000775100000,0x0000000779100000)
  from space 5120K, 99% used [0x0000000779600000,0x0000000779af9f00,0x0000000779b00000)
  to   space 5120K, 0% used [0x0000000779100000,0x0000000779100000,0x0000000779600000)
 ParOldGen       total 86016K, used 620K [0x00000006df200000, 0x00000006e4600000, 0x0000000775100000)
  object space 86016K, 0% used [0x00000006df200000,0x00000006df29b0b8,0x00000006e4600000)
 Metaspace       used 11994K, capacity 12084K, committed 12288K, reserved 1060864K
  class space    used 1255K, capacity 1274K, committed 1280K, reserved 1048576K
}
Event: 15.288 GC heap before
{Heap before GC invocations=5 (full 0):
 PSYoungGen      total 70656K, used 70631K [0x0000000775100000, 0x0000000779b00000, 0x00000007c0000000)
  eden space 65536K, 100% used [0x0000000775100000,0x0000000779100000,0x0000000779100000)
  from space 5120K, 99% used [0x0000000779600000,0x0000000779af9f00,0x0000000779b00000)
  to   space 5120K, 0% used [0x0000000779100000,0x0000000779100000,0x0000000779600000)
 ParOldGen       total 86016K, used 620K [0x00000006df200000, 0x00000006e4600000, 0x0000000775100000)
  object space 86016K, 0% used [0x00000006df200000,0x00000006df29b0b8,0x00000006e4600000)
 Metaspace       used 15992K, capacity 16182K, committed 16384K, reserved 1064960K
  class space    used 1707K, capacity 1767K, committed 1792K, reserved 1048576K
Event: 15.333 GC heap after
Heap after GC invocations=5 (full 0):
 PSYoungGen      total 70656K, used 5102K [0x0000000775100000, 0x0000000779b00000, 0x00000007c0000000)
  eden space 65536K, 0% used [0x0000000775100000,0x0000000775100000,0x0000000779100000)
  from space 5120K, 99% used [0x0000000779100000,0x00000007795fba80,0x0000000779600000)
  to   space 5120K, 0% used [0x0000000779600000,0x0000000779600000,0x0000000779b00000)
 ParOldGen       total 86016K, used 4348K [0x00000006df200000, 0x00000006e4600000, 0x0000000775100000)
  object space 86016K, 5% used [0x00000006df200000,0x00000006df63f280,0x00000006e4600000)
 Metaspace       used 15992K, capacity 16182K, committed 16384K, reserved 1064960K
  class space    used 1707K, capacity 1767K, committed 1792K, reserved 1048576K
}

Deoptimization events (10 events):
Event: 5.862 Thread 0x0000000003071000 Uncommon trap: reason=unstable_if action=reinterpret pc=0x00000000033c01f8 method=java.lang.String.indexOf([CII[CIII)I @ 3
Event: 9.701 Thread 0x0000000003071000 Uncommon trap: reason=unstable_if action=reinterpret pc=0x00000000032ed6e0 method=java.net.URI.match(CJJ)Z @ 45
Event: 9.788 Thread 0x0000000003071000 Uncommon trap: reason=unstable_if action=reinterpret pc=0x0000000003467bf4 method=java.lang.String.lastIndexOf([CII[CIII)I @ 66
Event: 11.629 Thread 0x0000000003071000 Uncommon trap: reason=unstable_if action=reinterpret pc=0x000000000352367c method=java.util.HashMap.putVal(ILjava/lang/Object;Ljava/lang/Object;ZZ)Ljava/lang/Object; @ 236
Event: 12.975 Thread 0x0000000003071000 Uncommon trap: reason=unstable_if action=reinterpret pc=0x00000000036b9760 method=sun.misc.MetaIndex.mayContain(Ljava/lang/String;)Z @ 38
Event: 13.535 Thread 0x0000000003071000 Uncommon trap: reason=predicate action=maybe_recompile pc=0x00000000034cacf4 method=groovyjarjarantlr.InputBuffer.syncConsume()V @ 7
Event: 13.535 Thread 0x0000000003071000 Uncommon trap: reason=predicate action=maybe_recompile pc=0x00000000034adf94 method=groovyjarjarantlr.InputBuffer.syncConsume()V @ 7
Event: 13.535 Thread 0x0000000003071000 Uncommon trap: reason=predicate action=maybe_recompile pc=0x00000000034d6540 method=groovyjarjarantlr.InputBuffer.syncConsume()V @ 7
Event: 13.872 Thread 0x0000000003071000 Uncommon trap: reason=unstable_if action=reinterpret pc=0x00000000037e79e0 method=java.lang.Class$MethodArray.matchesNameAndDescriptor(Ljava/lang/reflect/Method;Ljava/lang/reflect/Method;)Z @ 33
Event: 15.392 Thread 0x0000000003071000 Uncommon trap: reason=unstable_if action=reinterpret pc=0x00000000034b8110 method=sun.misc.URLClassPath$FileLoader.getResource(Ljava/lang/String;Z)Lsun/misc/Resource; @ 139

Classes redefined (0 events):
No events

Internal exceptions (10 events):
Event: 15.556 Thread 0x0000000003071000 Exception <a 'java/security/PrivilegedActionException'> (0x0000000775a1be58) thrown at [C:\re\workspace\8-2-build-windows-amd64-cygwin\jdk8u181\11358\hotspot\src\share\vm\prims\jvm.cpp, line 1435]
Event: 15.556 Thread 0x0000000003071000 Exception <a 'java/security/PrivilegedActionException'> (0x0000000775a1c438) thrown at [C:\re\workspace\8-2-build-windows-amd64-cygwin\jdk8u181\11358\hotspot\src\share\vm\prims\jvm.cpp, line 1435]
Event: 15.594 Thread 0x0000000003071000 Exception <a 'java/security/PrivilegedActionException'> (0x0000000775c5bc28) thrown at [C:\re\workspace\8-2-build-windows-amd64-cygwin\jdk8u181\11358\hotspot\src\share\vm\prims\jvm.cpp, line 1435]
Event: 15.594 Thread 0x0000000003071000 Exception <a 'java/security/PrivilegedActionException'> (0x0000000775c5c208) thrown at [C:\re\workspace\8-2-build-windows-amd64-cygwin\jdk8u181\11358\hotspot\src\share\vm\prims\jvm.cpp, line 1435]
Event: 15.598 Thread 0x0000000003071000 Exception <a 'java/security/PrivilegedActionException'> (0x0000000775c77958) thrown at [C:\re\workspace\8-2-build-windows-amd64-cygwin\jdk8u181\11358\hotspot\src\share\vm\prims\jvm.cpp, line 1435]
Event: 15.598 Thread 0x0000000003071000 Exception <a 'java/security/PrivilegedActionException'> (0x0000000775c78120) thrown at [C:\re\workspace\8-2-build-windows-amd64-cygwin\jdk8u181\11358\hotspot\src\share\vm\prims\jvm.cpp, line 1435]
Event: 15.649 Thread 0x0000000003071000 Exception <a 'java/security/PrivilegedActionException'> (0x0000000775ee2f80) thrown at [C:\re\workspace\8-2-build-windows-amd64-cygwin\jdk8u181\11358\hotspot\src\share\vm\prims\jvm.cpp, line 1435]
Event: 15.649 Thread 0x0000000003071000 Exception <a 'java/security/PrivilegedActionException'> (0x0000000775ee3560) thrown at [C:\re\workspace\8-2-build-windows-amd64-cygwin\jdk8u181\11358\hotspot\src\share\vm\prims\jvm.cpp, line 1435]
Event: 15.654 Thread 0x0000000003071000 Exception <a 'java/security/PrivilegedActionException'> (0x0000000775efb960) thrown at [C:\re\workspace\8-2-build-windows-amd64-cygwin\jdk8u181\11358\hotspot\src\share\vm\prims\jvm.cpp, line 1435]
Event: 15.655 Thread 0x0000000003071000 Exception <a 'java/security/PrivilegedActionException'> (0x0000000775efbf40) thrown at [C:\re\workspace\8-2-build-windows-amd64-cygwin\jdk8u181\11358\hotspot\src\share\vm\prims\jvm.cpp, line 1435]

Events (10 events):
Event: 15.676 loading class java/net/com$kms$katalon$core$context$TestSuiteContext
Event: 15.676 loading class java/net/com$kms$katalon$core$context$TestSuiteContext done
Event: 15.678 loading class java/util/com$kms$katalon$core$context$TestSuiteContext
Event: 15.678 loading class java/util/com$kms$katalon$core$context$TestSuiteContext done
Event: 15.684 loading class groovy/lang/com$kms$katalon$core$context$TestSuiteContext
Event: 15.684 loading class groovy/lang/com$kms$katalon$core$context$TestSuiteContext done
Event: 15.687 loading class groovy/util/com$kms$katalon$core$context$TestSuiteContext
Event: 15.687 loading class groovy/util/com$kms$katalon$core$context$TestSuiteContext done
Event: 15.690 loading class com$kms$katalon$core$context$TestSuiteContext
Event: 15.690 loading class com$kms$katalon$core$context$TestSuiteContext done


Dynamic libraries:
0x00007ff630de0000 - 0x00007ff630e17000 	C:\KatalonStudio\Katalon_Studio_Windows_64-5.9.1\jre\bin\javaw.exe
0x00007ffed7760000 - 0x00007ffed7941000 	C:\WINDOWS\SYSTEM32\ntdll.dll
0x00007ffed70c0000 - 0x00007ffed7172000 	C:\WINDOWS\System32\KERNEL32.DLL
0x00007ffed3f50000 - 0x00007ffed41c3000 	C:\WINDOWS\System32\KERNELBASE.dll
0x00007ffed67d0000 - 0x00007ffed6871000 	C:\WINDOWS\System32\ADVAPI32.dll
0x00007ffed63c0000 - 0x00007ffed645e000 	C:\WINDOWS\System32\msvcrt.dll
0x00007ffed6880000 - 0x00007ffed68db000 	C:\WINDOWS\System32\sechost.dll
0x00007ffed65e0000 - 0x00007ffed6704000 	C:\WINDOWS\System32\RPCRT4.dll
0x00007ffed4bf0000 - 0x00007ffed4d80000 	C:\WINDOWS\System32\USER32.dll
0x00007ffed4280000 - 0x00007ffed42a0000 	C:\WINDOWS\System32\win32u.dll
0x00007ffed71e0000 - 0x00007ffed7208000 	C:\WINDOWS\System32\GDI32.dll
0x00007ffed42a0000 - 0x00007ffed4432000 	C:\WINDOWS\System32\gdi32full.dll
0x00007ffed4440000 - 0x00007ffed44df000 	C:\WINDOWS\System32\msvcp_win.dll
0x00007ffed3e50000 - 0x00007ffed3f4a000 	C:\WINDOWS\System32\ucrtbase.dll
0x00007ffec6a30000 - 0x00007ffec6c99000 	C:\WINDOWS\WinSxS\amd64_microsoft.windows.common-controls_6595b64144ccf1df_6.0.17134.407_none_fb449d63306391e9\COMCTL32.dll
0x00007ffed7280000 - 0x00007ffed75a2000 	C:\WINDOWS\System32\combase.dll
0x00007ffed3d80000 - 0x00007ffed3dfa000 	C:\WINDOWS\System32\bcryptPrimitives.dll
0x00007ffed7700000 - 0x00007ffed772d000 	C:\WINDOWS\System32\IMM32.DLL
0x00007ffe986c0000 - 0x00007ffe98754000 	c:\program files (x86)\f-secure\safe\apps\ultralight\ulcore\1542633654\fshook64.dll
0x000000005a250000 - 0x000000005a322000 	C:\KatalonStudio\Katalon_Studio_Windows_64-5.9.1\jre\bin\msvcr100.dll
0x000000005afa0000 - 0x000000005b842000 	C:\KatalonStudio\Katalon_Studio_Windows_64-5.9.1\jre\bin\server\jvm.dll
0x00007ffed7210000 - 0x00007ffed7218000 	C:\WINDOWS\System32\PSAPI.DLL
0x00007ffed2930000 - 0x00007ffed2939000 	C:\WINDOWS\SYSTEM32\WSOCK32.dll
0x00007ffed6f60000 - 0x00007ffed6fcc000 	C:\WINDOWS\System32\WS2_32.dll
0x00007ffed14c0000 - 0x00007ffed14e3000 	C:\WINDOWS\SYSTEM32\WINMM.dll
0x00007ffec6cb0000 - 0x00007ffec6cba000 	C:\WINDOWS\SYSTEM32\VERSION.dll
0x00007ffed1490000 - 0x00007ffed14ba000 	C:\WINDOWS\SYSTEM32\WINMMBASE.dll
0x00007ffed3e00000 - 0x00007ffed3e49000 	C:\WINDOWS\System32\cfgmgr32.dll
0x000000005c160000 - 0x000000005c16f000 	C:\KatalonStudio\Katalon_Studio_Windows_64-5.9.1\jre\bin\verify.dll
0x000000005c130000 - 0x000000005c159000 	C:\KatalonStudio\Katalon_Studio_Windows_64-5.9.1\jre\bin\java.dll
0x000000005c110000 - 0x000000005c126000 	C:\KatalonStudio\Katalon_Studio_Windows_64-5.9.1\jre\bin\zip.dll
0x00007ffed4de0000 - 0x00007ffed621f000 	C:\WINDOWS\System32\SHELL32.dll
0x00007ffed6710000 - 0x00007ffed67b9000 	C:\WINDOWS\System32\shcore.dll
0x00007ffed44e0000 - 0x00007ffed4bed000 	C:\WINDOWS\System32\windows.storage.dll
0x00007ffed4d80000 - 0x00007ffed4dd1000 	C:\WINDOWS\System32\shlwapi.dll
0x00007ffed3ab0000 - 0x00007ffed3ac1000 	C:\WINDOWS\System32\kernel.appcore.dll
0x00007ffed3a90000 - 0x00007ffed3aaf000 	C:\WINDOWS\System32\profapi.dll
0x00007ffed3ae0000 - 0x00007ffed3b2c000 	C:\WINDOWS\System32\powrprof.dll
0x00007ffed3ad0000 - 0x00007ffed3ada000 	C:\WINDOWS\System32\FLTLIB.DLL
0x000000005c0f0000 - 0x000000005c10a000 	C:\KatalonStudio\Katalon_Studio_Windows_64-5.9.1\jre\bin\net.dll
0x00007ffed32f0000 - 0x00007ffed3356000 	C:\WINDOWS\system32\mswsock.dll
0x000000005c0d0000 - 0x000000005c0e1000 	C:\KatalonStudio\Katalon_Studio_Windows_64-5.9.1\jre\bin\nio.dll

VM Arguments:
jvm_args: -Dgroovy.home=/C:/KatalonStudio/Katalon_Studio_Windows_64-5.9.1/plugins/org.codehaus.groovy_2.4.7.xx-201611170128-e46/ -Xmx3598m -Dfile.encoding=UTF-8 
java_command: org.codehaus.groovy.tools.GroovyStarter --classpath C:\KatalonStudio\DataDrivenTestMaster\Include\scripts\groovy;C:\KatalonStudio\DataDrivenTestMaster\Keywords;C:\KatalonStudio\DataDrivenTestMaster\Libs;C:\KatalonStudio\DataDrivenTestMaster\Test Listeners;C:\KatalonStudio\DataDrivenTestMaster\Drivers\aopalliance-1.0.jar;C:\KatalonStudio\DataDrivenTestMaster\Drivers\aopalliance-repackaged-2.5.0-b36.jar;C:\KatalonStudio\DataDrivenTestMaster\Drivers\bcprov-jdk15on-158.jar;C:\KatalonStudio\DataDrivenTestMaster\Drivers\cglib-nodep-2.1_3.jar;C:\KatalonStudio\DataDrivenTestMaster\Drivers\classmate-1.3.1.jar;C:\KatalonStudio\DataDrivenTestMaster\Drivers\coffig-3.0.0.jar;C:\KatalonStudio\DataDrivenTestMaster\Drivers\commons-cli-1.4.jar;C:\KatalonStudio\DataDrivenTestMaster\Drivers\commons-codec-1.10.jar;C:\KatalonStudio\DataDrivenTestMaster\Drivers\commons-collections-3.2.1.jar;C:\KatalonStudio\DataDrivenTestMaster\Drivers\commons-exec-1.3.jar;C:\KatalonStudio\DataDrivenTestMaster\Drivers\commons-io-2.4.jar;C:\KatalonStudio\DataDrivenTestMaster\Drivers\commons-lang-2.6.jar;C:\KatalonStudio\DataDrivenTestMaster\Drivers\commons-lang3-3.2.1.jar;C:\KatalonStudio\DataDrivenTestMaster\Drivers\commons-lang3-3.4.jar;C:\KatalonStudio\DataDrivenTestMaster\Drivers\commons-logging-1.2.jar;C:\KatalonStudio\DataDrivenTestMaster\Drivers\cors-filter-1.9.2.jar;C:\KatalonStudio\DataDrivenTestMaster\Drivers\creditcard.jar;C:\KatalonStudio\DataDrivenTestMaster\Drivers\cssparser-0.9.16.jar;C:\KatalonStudio\DataDrivenTestMaster\Drivers\gson-2.3.1.jar;C:\KatalonStudio\DataDrivenTestMaster\Drivers\guava-18.0.jar;C:\KatalonStudio\DataDrivenTestMaster\Drivers\guava-20.0.jar;C:\KatalonStudio\DataDrivenTestMaster\Drivers\guice-4.1.0.jar;C:\KatalonStudio\DataDrivenTestMaster\Drivers\guice-assistedinject-4.1.0.jar;C:\KatalonStudio\DataDrivenTestMaster\Drivers\guice-bridge-2.5.0-b36.jar;C:\KatalonStudio\DataDrivenTestMaster\Drivers\guice-multibindings-4.1.0.jar;C:\KatalonStudio\DataDrivenT
java_class_path (initial): C:\KatalonStudio\DataDrivenTestMaster\bin\keyword;C:\KatalonStudio\DataDrivenTestMaster\bin\listener;C:\KatalonStudio\DataDrivenTestMaster\bin\lib;C:\KatalonStudio\DataDrivenTestMaster\bin\groovy;C:\KatalonStudio\DataDrivenTestMaster\bin;C:\KatalonStudio\Katalon_Studio_Windows_64-5.8.6\plugins\com.kms.katalon.core_1.0.0.201811060107.jar;C:\KatalonStudio\Katalon_Studio_Windows_64-5.8.6\configuration\resources\lib\java-client-5.0.4.jar;C:\KatalonStudio\Katalon_Studio_Windows_64-5.8.6\configuration\resources\lib\jna-4.1.0.jar;C:\KatalonStudio\Katalon_Studio_Windows_64-5.8.6\configuration\resources\lib\jna-platform-4.1.0.jar;C:\KatalonStudio\Katalon_Studio_Windows_64-5.8.6\configuration\resources\lib\kat-server.jar;C:\KatalonStudio\Katalon_Studio_Windows_64-5.8.6\configuration\resources\lib\repackaged-guava-19.0.jar;C:\KatalonStudio\Katalon_Studio_Windows_64-5.8.6\configuration\resources\lib\repackaged-sikuli-api-1.0.2-standalone.jar;C:\KatalonStudio\Katalon_Studio_Windows_64-5.8.6\configuration\resources\lib\selenium-leg-rc-3.7.0.jar;C:\KatalonStudio\Katalon_Studio_Windows_64-5.8.6\configuration\resources\lib\selenium-server-standalone-3.7.1.jar;C:\KatalonStudio\Katalon_Studio_Windows_64-5.8.6\configuration\resources\lib\testng-6.11.jar;C:\KatalonStudio\Katalon_Studio_Windows_64-5.8.6\plugins\net.sf.supercsv.super-csv_2.1.0.jar;C:\KatalonStudio\Katalon_Studio_Windows_64-5.8.6\plugins\org.apache.poi_3.9.0.v201405241750.jar;C:\KatalonStudio\Katalon_Studio_Windows_64-5.8.6\plugins\org.apache.poi.ooxml_3.9.0.v201405241905.jar;C:\KatalonStudio\Katalon_Studio_Windows_64-5.8.6\plugins\org.apache.poi.ooxml.schemas_3.9.0.v201405241750.jar;C:\KatalonStudio\Katalon_Studio_Windows_64-5.8.6\plugins\org.dom4j_1.6.1.v201312101416.jar;C:\KatalonStudio\Katalon_Studio_Windows_64-5.8.6\plugins\org.apache.commons.io_2.4.0.jar;C:\KatalonStudio\Katalon_Studio_Windows_64-5.8.6\plugins\org.apache.commons.lang_2.6.0.jar;C:\KatalonStudio\Katalon_Studio_Windows_64-5.
Launcher Type: SUN_STANDARD

Environment Variables:
JAVA_HOME=C:\Program Files\Java\jdk1.8.0_144
JRE_HOME=C:\Program Files\Java\jre1.8.0_151
CLASSPATH=C:\Program Files\Java\jdk1.8.0_144\bin;C:\Program Files\Java\jre1.8.0_151\bin;C:\Users\fitim\Desktop\tomcat8\lib
PATH=C:/KatalonStudio/Katalon_Studio_Windows_64-5.9.1/jre/bin/server;C:/KatalonStudio/Katalon_Studio_Windows_64-5.9.1/jre/bin;C:/KatalonStudio/Katalon_Studio_Windows_64-5.9.1/jre/lib/amd64;C:\Program Files (x86)\Common Files\Oracle\Java\javapath;C:\Program Files\ImageMagick-7.0.7-Q16;C:\ProgramData\Oracle\Java\javapath;C:\Python27\;C:\Python27\Scripts;C:\Program Files (x86)\Intel\TXE Components\TCS\;C:\Program Files\Intel\TXE Components\TCS\;C:\WINDOWS\system32;C:\WINDOWS;C:\WINDOWS\System32\Wbem;C:\WINDOWS\System32\WindowsPowerShell\v1.0\;C:\Program Files\Intel\TXE Components\DAL\;C:\Program Files (x86)\Intel\TXE Components\DAL\;C:\Program Files\Intel\TXE Components\IPT\;C:\Program Files (x86)\Intel\TXE Components\IPT\;C:\Program Files\Git\cmd;C:\Users\fitim\Desktop\robot_test_cases\Testing\geckodriver\32;C:\eclipse;C:\WINDOWS\System32\OpenSSH\;C:\Ruby24-x64\bin;C:\Users\fitim\AppData\Local\Microsoft\WindowsApps;C:\Users\fitim\tmp;C:\Users\fitim\AppData\Local\Android\Sdk\build-tools;C:\Users\fitim\AppData\Local\Android\Sdk\tools;;C:\KatalonStudio\Katalon_Studio_Windows_64-5.9.1;
USERNAME=fitim
OS=Windows_NT
PROCESSOR_IDENTIFIER=Intel64 Family 6 Model 76 Stepping 3, GenuineIntel



---------------  S Y S T E M  ---------------

OS: Windows 10.0 , 64 bit Build 17134 (10.0.17134.1)

CPU:total 2 (initial active 2) (2 cores per cpu, 1 threads per core) family 6 model 76 stepping 3, cmov, cx8, fxsr, mmx, sse, sse2, sse3, ssse3, sse4.1, sse4.2, popcnt, aes, clmul, erms, 3dnowpref, tsc, tscinvbit

Memory: 4k page, physical 8227088k(1902216k free), swap 10172688k(5604k free)

vm_info: Java HotSpot(TM) 64-Bit Server VM (25.181-b13) for windows-amd64 JRE (1.8.0_181-b13), built on Jul  7 2018 04:01:33 by "java_re" with MS VC++ 10.0 (VS2010)

time: Sun Dec 09 12:10:36 2018
elapsed time: 15 seconds (0d 0h 0m 15s)

