<?xml version="1.0" encoding="UTF-8" standalone="no"?>
<!DOCTYPE log SYSTEM "logger.dtd">
<log>
<record>
  <date>2018-04-06T14:15:23</date>
  <millis>1523013323089</millis>
  <sequence>0</sequence>
  <level>START</level>
  <class>com.kms.katalon.core.logging.KeywordLogger</class>
  <method>startSuite</method>
  <thread>1</thread>
  <message>Start Test Suite : Test Suites/ExecuteTestReport</message>
  <nestedLevel>0</nestedLevel>
  <property name="name">ExecuteTestReport</property>
  <property name="description"></property>
  <property name="id">Test Suites/ExecuteTestReport</property>
</record>
<record>
  <date>2018-04-06T14:15:23</date>
  <millis>1523013323259</millis>
  <sequence>1</sequence>
  <level>RUN_DATA</level>
  <class>com.kms.katalon.core.logging.KeywordLogger</class>
  <method>logMessage</method>
  <thread>1</thread>
  <message>Logging run data &amp;apos;hostName&amp;apos; with value &amp;apos;fitim - LAPTOP-AK5DO7TK&amp;apos;</message>
  <nestedLevel>0</nestedLevel>
  <property name="hostName">fitim - LAPTOP-AK5DO7TK</property>
</record>
<record>
  <date>2018-04-06T14:15:23</date>
  <millis>1523013323275</millis>
  <sequence>2</sequence>
  <level>RUN_DATA</level>
  <class>com.kms.katalon.core.logging.KeywordLogger</class>
  <method>logMessage</method>
  <thread>1</thread>
  <message>Logging run data &amp;apos;os&amp;apos; with value &amp;apos;Windows 10 64bit&amp;apos;</message>
  <nestedLevel>0</nestedLevel>
  <property name="os">Windows 10 64bit</property>
</record>
<record>
  <date>2018-04-06T14:15:23</date>
  <millis>1523013323295</millis>
  <sequence>3</sequence>
  <level>RUN_DATA</level>
  <class>com.kms.katalon.core.logging.KeywordLogger</class>
  <method>logMessage</method>
  <thread>1</thread>
  <message>Logging run data &amp;apos;hostAddress&amp;apos; with value &amp;apos;192.168.0.10&amp;apos;</message>
  <nestedLevel>0</nestedLevel>
  <property name="hostAddress">192.168.0.10</property>
</record>
<record>
  <date>2018-04-06T14:15:23</date>
  <millis>1523013323301</millis>
  <sequence>4</sequence>
  <level>RUN_DATA</level>
  <class>com.kms.katalon.core.logging.KeywordLogger</class>
  <method>logMessage</method>
  <thread>1</thread>
  <message>Logging run data &amp;apos;katalonVersion&amp;apos; with value &amp;apos;5.3.1.1&amp;apos;</message>
  <nestedLevel>0</nestedLevel>
  <property name="katalonVersion">5.3.1.1</property>
</record>
<record>
  <date>2018-04-06T14:15:25</date>
  <millis>1523013325499</millis>
  <sequence>5</sequence>
  <level>START</level>
  <class>com.kms.katalon.core.logging.KeywordLogger</class>
  <method>startTest</method>
  <thread>1</thread>
  <message>Start Test Case : Test Cases/GetTestReports/showTestReports</message>
  <nestedLevel>1</nestedLevel>
  <property name="name">Test Cases/GetTestReports/showTestReports</property>
  <property name="description"></property>
  <property name="id">Test Cases/GetTestReports/showTestReports</property>
  <property name="source">C:\\KatalonStudio\\DataDrivenTestMaster\\Test Cases\\GetTestReports\\showTestReports.tc</property>
  <property name="isOptional">false</property>
</record>
<record>
  <date>2018-04-06T14:15:25</date>
  <millis>1523013325629</millis>
  <sequence>6</sequence>
  <level>INFO</level>
  <class>com.kms.katalon.core.logging.KeywordLogger</class>
  <method>logMessage</method>
  <thread>1</thread>
  <message>Evaluating variables for test case</message>
  <nestedLevel>1</nestedLevel>
</record>
<record>
  <date>2018-04-06T14:15:25</date>
  <millis>1523013325657</millis>
  <sequence>7</sequence>
  <level>START</level>
  <class>com.kms.katalon.core.logging.KeywordLogger</class>
  <method>startKeyword</method>
  <thread>1</thread>
  <message>Start listener action : sampleBeforeTestCase</message>
  <nestedLevel>1</nestedLevel>
</record>
<record>
  <date>2018-04-06T14:15:25</date>
  <millis>1523013325670</millis>
  <sequence>8</sequence>
  <level>INFO</level>
  <class>com.kms.katalon.core.logging.KeywordLogger</class>
  <method>logMessage</method>
  <thread>1</thread>
  <message>Starting invoke &amp;apos;com.kms.katalon.core.annotation.BeforeTestCase&amp;apos; method: &amp;apos;BeforeTestCaseRun.sampleBeforeTestCase(...)&amp;apos;</message>
  <nestedLevel>1</nestedLevel>
</record>
<record>
  <date>2018-04-06T14:15:25</date>
  <millis>1523013325774</millis>
  <sequence>9</sequence>
  <level>START</level>
  <class>com.kms.katalon.core.logging.KeywordLogger</class>
  <method>startKeyword</method>
  <thread>1</thread>
  <message>Start action : Statement - println(testCaseContext.getTestCaseId())</message>
  <nestedLevel>1</nestedLevel>
  <property name="startLine">32</property>
  <property name="stepIndex">1</property>
</record>
<record>
  <date>2018-04-06T14:15:25</date>
  <millis>1523013325820</millis>
  <sequence>10</sequence>
  <level>END</level>
  <class>com.kms.katalon.core.logging.KeywordLogger</class>
  <method>endKeyword</method>
  <thread>1</thread>
  <message>End action : Statement - println(testCaseContext.getTestCaseId())</message>
  <nestedLevel>1</nestedLevel>
</record>
<record>
  <date>2018-04-06T14:15:25</date>
  <millis>1523013325828</millis>
  <sequence>11</sequence>
  <level>START</level>
  <class>com.kms.katalon.core.logging.KeywordLogger</class>
  <method>startKeyword</method>
  <thread>1</thread>
  <message>Start action : Statement - println(testCaseContext.getTestCaseVariables())</message>
  <nestedLevel>1</nestedLevel>
  <property name="startLine">33</property>
  <property name="stepIndex">2</property>
</record>
<record>
  <date>2018-04-06T14:15:25</date>
  <millis>1523013325877</millis>
  <sequence>12</sequence>
  <level>INFO</level>
  <class>com.kms.katalon.core.logging.KeywordLogger</class>
  <method>logMessage</method>
  <thread>1</thread>
  <message>Invoke &amp;apos;com.kms.katalon.core.annotation.BeforeTestCase&amp;apos; method: &amp;apos;BeforeTestCaseRun.sampleBeforeTestCase(...)&amp;apos; completed.</message>
  <nestedLevel>1</nestedLevel>
</record>
<record>
  <date>2018-04-06T14:15:25</date>
  <millis>1523013325881</millis>
  <sequence>13</sequence>
  <level>END</level>
  <class>com.kms.katalon.core.logging.KeywordLogger</class>
  <method>endKeyword</method>
  <thread>1</thread>
  <message>End action : Statement - println(testCaseContext.getTestCaseVariables())</message>
  <nestedLevel>1</nestedLevel>
</record>
<record>
  <date>2018-04-06T14:15:25</date>
  <millis>1523013325882</millis>
  <sequence>14</sequence>
  <level>END</level>
  <class>com.kms.katalon.core.logging.KeywordLogger</class>
  <method>endKeyword</method>
  <thread>1</thread>
  <message>End listener action : sampleBeforeTestCase</message>
  <nestedLevel>1</nestedLevel>
</record>
<record>
  <date>2018-04-06T14:15:26</date>
  <millis>1523013326237</millis>
  <sequence>15</sequence>
  <level>START</level>
  <class>com.kms.katalon.core.logging.KeywordLogger</class>
  <method>startKeyword</method>
  <thread>1</thread>
  <message>Start action : Statement - fileName = CustomKeywords.readGmail.getGmail.getGmailAttachment()</message>
  <nestedLevel>1</nestedLevel>
  <property name="startLine">4</property>
  <property name="stepIndex">1</property>
</record>
<record>
  <date>2018-04-06T14:15:37</date>
  <millis>1523013337397</millis>
  <sequence>16</sequence>
  <level>PASSED</level>
  <class>com.kms.katalon.core.logging.KeywordLogger</class>
  <method>logMessage</method>
  <thread>1</thread>
  <message>readGmail.getGmail.getGmailAttachment is PASSED</message>
  <nestedLevel>1</nestedLevel>
</record>
<record>
  <date>2018-04-06T14:15:37</date>
  <millis>1523013337401</millis>
  <sequence>17</sequence>
  <level>END</level>
  <class>com.kms.katalon.core.logging.KeywordLogger</class>
  <method>endKeyword</method>
  <thread>1</thread>
  <message>End action : Statement - fileName = CustomKeywords.readGmail.getGmail.getGmailAttachment()</message>
  <nestedLevel>1</nestedLevel>
</record>
<record>
  <date>2018-04-06T14:15:37</date>
  <millis>1523013337404</millis>
  <sequence>18</sequence>
  <level>START</level>
  <class>com.kms.katalon.core.logging.KeywordLogger</class>
  <method>startKeyword</method>
  <thread>1</thread>
  <message>Start action : Statement - println(\&amp;quot;**************DEBUG returned filename *************** \&amp;quot; + fileName)</message>
  <nestedLevel>1</nestedLevel>
  <property name="startLine">5</property>
  <property name="stepIndex">2</property>
</record>
<record>
  <date>2018-04-06T14:15:37</date>
  <millis>1523013337430</millis>
  <sequence>19</sequence>
  <level>END</level>
  <class>com.kms.katalon.core.logging.KeywordLogger</class>
  <method>endKeyword</method>
  <thread>1</thread>
  <message>End action : Statement - println(\&amp;quot;**************DEBUG returned filename *************** \&amp;quot; + fileName)</message>
  <nestedLevel>1</nestedLevel>
</record>
<record>
  <date>2018-04-06T14:15:37</date>
  <millis>1523013337441</millis>
  <sequence>20</sequence>
  <level>START</level>
  <class>com.kms.katalon.core.logging.KeywordLogger</class>
  <method>startKeyword</method>
  <thread>1</thread>
  <message>Start action : readGmail.unZip.unzipFile</message>
  <nestedLevel>1</nestedLevel>
  <property name="startLine">6</property>
  <property name="stepIndex">3</property>
</record>
<record>
  <date>2018-04-06T14:15:40</date>
  <millis>1523013340229</millis>
  <sequence>21</sequence>
  <level>PASSED</level>
  <class>com.kms.katalon.core.logging.KeywordLogger</class>
  <method>logMessage</method>
  <thread>1</thread>
  <message>readGmail.unZip.unzipFile is PASSED</message>
  <nestedLevel>1</nestedLevel>
</record>
<record>
  <date>2018-04-06T14:15:40</date>
  <millis>1523013340232</millis>
  <sequence>22</sequence>
  <level>END</level>
  <class>com.kms.katalon.core.logging.KeywordLogger</class>
  <method>endKeyword</method>
  <thread>1</thread>
  <message>End action : readGmail.unZip.unzipFile</message>
  <nestedLevel>1</nestedLevel>
</record>
<record>
  <date>2018-04-06T14:15:40</date>
  <millis>1523013340236</millis>
  <sequence>23</sequence>
  <level>START</level>
  <class>com.kms.katalon.core.logging.KeywordLogger</class>
  <method>startKeyword</method>
  <thread>1</thread>
  <message>Start action : Statement - zip = fileName.substring(0, 15)</message>
  <nestedLevel>1</nestedLevel>
  <property name="startLine">7</property>
  <property name="stepIndex">4</property>
</record>
<record>
  <date>2018-04-06T14:15:40</date>
  <millis>1523013340237</millis>
  <sequence>24</sequence>
  <level>END</level>
  <class>com.kms.katalon.core.logging.KeywordLogger</class>
  <method>endKeyword</method>
  <thread>1</thread>
  <message>End action : Statement - zip = fileName.substring(0, 15)</message>
  <nestedLevel>1</nestedLevel>
</record>
<record>
  <date>2018-04-06T14:15:40</date>
  <millis>1523013340237</millis>
  <sequence>25</sequence>
  <level>START</level>
  <class>com.kms.katalon.core.logging.KeywordLogger</class>
  <method>startKeyword</method>
  <thread>1</thread>
  <message>Start action : Statement - path = java.nio.file.Paths.get(\&amp;quot;.\&amp;quot;).toAbsolutePath().normalize().toString()</message>
  <nestedLevel>1</nestedLevel>
  <property name="startLine">8</property>
  <property name="stepIndex">5</property>
</record>
<record>
  <date>2018-04-06T14:15:40</date>
  <millis>1523013340435</millis>
  <sequence>26</sequence>
  <level>END</level>
  <class>com.kms.katalon.core.logging.KeywordLogger</class>
  <method>endKeyword</method>
  <thread>1</thread>
  <message>End action : Statement - path = java.nio.file.Paths.get(\&amp;quot;.\&amp;quot;).toAbsolutePath().normalize().toString()</message>
  <nestedLevel>1</nestedLevel>
</record>
<record>
  <date>2018-04-06T14:15:40</date>
  <millis>1523013340439</millis>
  <sequence>27</sequence>
  <level>START</level>
  <class>com.kms.katalon.core.logging.KeywordLogger</class>
  <method>startKeyword</method>
  <thread>1</thread>
  <message>Start action : Statement - path = path.replace(\&amp;quot;\\\&amp;quot;, \&amp;quot;/\&amp;quot;)</message>
  <nestedLevel>1</nestedLevel>
  <property name="startLine">9</property>
  <property name="stepIndex">6</property>
</record>
<record>
  <date>2018-04-06T14:15:40</date>
  <millis>1523013340439</millis>
  <sequence>28</sequence>
  <level>END</level>
  <class>com.kms.katalon.core.logging.KeywordLogger</class>
  <method>endKeyword</method>
  <thread>1</thread>
  <message>End action : Statement - path = path.replace(\&amp;quot;\\\&amp;quot;, \&amp;quot;/\&amp;quot;)</message>
  <nestedLevel>1</nestedLevel>
</record>
<record>
  <date>2018-04-06T14:15:40</date>
  <millis>1523013340439</millis>
  <sequence>29</sequence>
  <level>START</level>
  <class>com.kms.katalon.core.logging.KeywordLogger</class>
  <method>startKeyword</method>
  <thread>1</thread>
  <message>Start action : Statement - url = path + \&amp;quot;/extractedFiles/\&amp;quot; + zip + \&amp;quot;/Report.html\&amp;quot;</message>
  <nestedLevel>1</nestedLevel>
  <property name="startLine">10</property>
  <property name="stepIndex">7</property>
</record>
<record>
  <date>2018-04-06T14:15:40</date>
  <millis>1523013340453</millis>
  <sequence>30</sequence>
  <level>END</level>
  <class>com.kms.katalon.core.logging.KeywordLogger</class>
  <method>endKeyword</method>
  <thread>1</thread>
  <message>End action : Statement - url = path + \&amp;quot;/extractedFiles/\&amp;quot; + zip + \&amp;quot;/Report.html\&amp;quot;</message>
  <nestedLevel>1</nestedLevel>
</record>
<record>
  <date>2018-04-06T14:15:40</date>
  <millis>1523013340523</millis>
  <sequence>31</sequence>
  <level>START</level>
  <class>com.kms.katalon.core.logging.KeywordLogger</class>
  <method>startKeyword</method>
  <thread>1</thread>
  <message>Start action : readGmail.openWebHtml.openHtmlPage</message>
  <nestedLevel>1</nestedLevel>
  <property name="startLine">11</property>
  <property name="stepIndex">8</property>
</record>
<record>
  <date>2018-04-06T14:15:41</date>
  <millis>1523013341596</millis>
  <sequence>32</sequence>
  <level>PASSED</level>
  <class>com.kms.katalon.core.logging.KeywordLogger</class>
  <method>logMessage</method>
  <thread>1</thread>
  <message>readGmail.openWebHtml.openHtmlPage is PASSED</message>
  <nestedLevel>1</nestedLevel>
</record>
<record>
  <date>2018-04-06T14:15:41</date>
  <millis>1523013341599</millis>
  <sequence>33</sequence>
  <level>END</level>
  <class>com.kms.katalon.core.logging.KeywordLogger</class>
  <method>endKeyword</method>
  <thread>1</thread>
  <message>End action : readGmail.openWebHtml.openHtmlPage</message>
  <nestedLevel>1</nestedLevel>
</record>
<record>
  <date>2018-04-06T14:15:41</date>
  <millis>1523013341600</millis>
  <sequence>34</sequence>
  <level>PASSED</level>
  <class>com.kms.katalon.core.logging.KeywordLogger</class>
  <method>logMessage</method>
  <thread>1</thread>
  <message>Test Cases/GetTestReports/showTestReports</message>
  <nestedLevel>1</nestedLevel>
</record>
<record>
  <date>2018-04-06T14:15:41</date>
  <millis>1523013341603</millis>
  <sequence>35</sequence>
  <level>START</level>
  <class>com.kms.katalon.core.logging.KeywordLogger</class>
  <method>startKeyword</method>
  <thread>1</thread>
  <message>Start listener action : sampleAfterTestCase</message>
  <nestedLevel>1</nestedLevel>
</record>
<record>
  <date>2018-04-06T14:15:41</date>
  <millis>1523013341625</millis>
  <sequence>36</sequence>
  <level>INFO</level>
  <class>com.kms.katalon.core.logging.KeywordLogger</class>
  <method>logMessage</method>
  <thread>1</thread>
  <message>Starting invoke &amp;apos;com.kms.katalon.core.annotation.AfterTestCase&amp;apos; method: &amp;apos;AfterTestCaseRun.sampleAfterTestCase(...)&amp;apos;</message>
  <nestedLevel>1</nestedLevel>
</record>
<record>
  <date>2018-04-06T14:15:41</date>
  <millis>1523013341638</millis>
  <sequence>37</sequence>
  <level>START</level>
  <class>com.kms.katalon.core.logging.KeywordLogger</class>
  <method>startKeyword</method>
  <thread>1</thread>
  <message>Start action : Statement - println(testCaseContext.getTestCaseId())</message>
  <nestedLevel>1</nestedLevel>
  <property name="startLine">13</property>
  <property name="stepIndex">1</property>
</record>
<record>
  <date>2018-04-06T14:15:41</date>
  <millis>1523013341641</millis>
  <sequence>38</sequence>
  <level>END</level>
  <class>com.kms.katalon.core.logging.KeywordLogger</class>
  <method>endKeyword</method>
  <thread>1</thread>
  <message>End action : Statement - println(testCaseContext.getTestCaseId())</message>
  <nestedLevel>1</nestedLevel>
</record>
<record>
  <date>2018-04-06T14:15:41</date>
  <millis>1523013341642</millis>
  <sequence>39</sequence>
  <level>START</level>
  <class>com.kms.katalon.core.logging.KeywordLogger</class>
  <method>startKeyword</method>
  <thread>1</thread>
  <message>Start action : Statement - println(testCaseContext.getTestCaseStatus())</message>
  <nestedLevel>1</nestedLevel>
  <property name="startLine">14</property>
  <property name="stepIndex">2</property>
</record>
<record>
  <date>2018-04-06T14:15:41</date>
  <millis>1523013341649</millis>
  <sequence>40</sequence>
  <level>INFO</level>
  <class>com.kms.katalon.core.logging.KeywordLogger</class>
  <method>logMessage</method>
  <thread>1</thread>
  <message>Invoke &amp;apos;com.kms.katalon.core.annotation.AfterTestCase&amp;apos; method: &amp;apos;AfterTestCaseRun.sampleAfterTestCase(...)&amp;apos; completed.</message>
  <nestedLevel>1</nestedLevel>
</record>
<record>
  <date>2018-04-06T14:15:41</date>
  <millis>1523013341652</millis>
  <sequence>41</sequence>
  <level>END</level>
  <class>com.kms.katalon.core.logging.KeywordLogger</class>
  <method>endKeyword</method>
  <thread>1</thread>
  <message>End action : Statement - println(testCaseContext.getTestCaseStatus())</message>
  <nestedLevel>1</nestedLevel>
</record>
<record>
  <date>2018-04-06T14:15:41</date>
  <millis>1523013341667</millis>
  <sequence>42</sequence>
  <level>END</level>
  <class>com.kms.katalon.core.logging.KeywordLogger</class>
  <method>endKeyword</method>
  <thread>1</thread>
  <message>End listener action : sampleAfterTestCase</message>
  <nestedLevel>1</nestedLevel>
</record>
<record>
  <date>2018-04-06T14:15:41</date>
  <millis>1523013341670</millis>
  <sequence>43</sequence>
  <level>END</level>
  <class>com.kms.katalon.core.logging.KeywordLogger</class>
  <method>endTest</method>
  <thread>1</thread>
  <message>End Test Case : Test Cases/GetTestReports/showTestReports</message>
  <nestedLevel>0</nestedLevel>
</record>
<record>
  <date>2018-04-06T14:15:41</date>
  <millis>1523013341672</millis>
  <sequence>44</sequence>
  <level>START</level>
  <class>com.kms.katalon.core.logging.KeywordLogger</class>
  <method>startKeyword</method>
  <thread>1</thread>
  <message>Start listener action : sampleAfterTestSuite</message>
  <nestedLevel>0</nestedLevel>
</record>
<record>
  <date>2018-04-06T14:15:41</date>
  <millis>1523013341675</millis>
  <sequence>45</sequence>
  <level>INFO</level>
  <class>com.kms.katalon.core.logging.KeywordLogger</class>
  <method>logMessage</method>
  <thread>1</thread>
  <message>Starting invoke &amp;apos;com.kms.katalon.core.annotation.AfterTestSuite&amp;apos; method: &amp;apos;AfterTestSuiteRun.sampleAfterTestSuite(...)&amp;apos;</message>
  <nestedLevel>0</nestedLevel>
</record>
<record>
  <date>2018-04-06T14:15:41</date>
  <millis>1523013341691</millis>
  <sequence>46</sequence>
  <level>START</level>
  <class>com.kms.katalon.core.logging.KeywordLogger</class>
  <method>startKeyword</method>
  <thread>1</thread>
  <message>Start action : Statement - println(testSuiteContext.getTestSuiteId())</message>
  <nestedLevel>1</nestedLevel>
  <property name="startLine">13</property>
  <property name="stepIndex">1</property>
</record>
<record>
  <date>2018-04-06T14:15:41</date>
  <millis>1523013341816</millis>
  <sequence>47</sequence>
  <level>INFO</level>
  <class>com.kms.katalon.core.logging.KeywordLogger</class>
  <method>logMessage</method>
  <thread>1</thread>
  <message>Invoke &amp;apos;com.kms.katalon.core.annotation.AfterTestSuite&amp;apos; method: &amp;apos;AfterTestSuiteRun.sampleAfterTestSuite(...)&amp;apos; completed.</message>
  <nestedLevel>0</nestedLevel>
</record>
<record>
  <date>2018-04-06T14:15:41</date>
  <millis>1523013341820</millis>
  <sequence>48</sequence>
  <level>END</level>
  <class>com.kms.katalon.core.logging.KeywordLogger</class>
  <method>endKeyword</method>
  <thread>1</thread>
  <message>End action : Statement - println(testSuiteContext.getTestSuiteId())</message>
  <nestedLevel>1</nestedLevel>
</record>
<record>
  <date>2018-04-06T14:15:41</date>
  <millis>1523013341821</millis>
  <sequence>49</sequence>
  <level>END</level>
  <class>com.kms.katalon.core.logging.KeywordLogger</class>
  <method>endKeyword</method>
  <thread>1</thread>
  <message>End listener action : sampleAfterTestSuite</message>
  <nestedLevel>0</nestedLevel>
</record>
<record>
  <date>2018-04-06T14:15:43</date>
  <millis>1523013343475</millis>
  <sequence>50</sequence>
  <level>END</level>
  <class>com.kms.katalon.core.logging.KeywordLogger</class>
  <method>endSuite</method>
  <thread>1</thread>
  <message>End Test Suite : Test Suites/ExecuteTestReport</message>
  <nestedLevel>0</nestedLevel>
</record>
</log>